[34m[INFO][0;39m - [2021-05-10 07:36:29,152] - [akka.event.slf4j.Slf4jLogger]  Slf4jLogger started
[34m[INFO][0;39m - [2021-05-10 07:36:29,662] - [reactivemongo.api.Driver]  [Supervisor-1] Creating connection: Connection-1
[34m[INFO][0;39m - [2021-05-10 07:36:29,763] - [reactivemongo.core.actors.MongoDBSystem]  [Supervisor-1/Connection-1] Starting the MongoDBSystem
[34m[INFO][0;39m - [2021-05-10 07:36:29,783] - [reactivemongo.core.netty.Pack]  Instantiated reactivemongo.core.netty.Pack
[34m[INFO][0;39m - [2021-05-10 07:38:02,736] - [akka.event.slf4j.Slf4jLogger]  Slf4jLogger started
[34m[INFO][0;39m - [2021-05-10 07:38:03,233] - [reactivemongo.api.Driver]  [Supervisor-1] Creating connection: Connection-1
[34m[INFO][0;39m - [2021-05-10 07:38:03,372] - [reactivemongo.core.actors.MongoDBSystem]  [Supervisor-1/Connection-1] Starting the MongoDBSystem
[34m[INFO][0;39m - [2021-05-10 07:38:03,391] - [reactivemongo.core.netty.Pack]  Instantiated reactivemongo.core.netty.Pack
[34m[INFO][0;39m - [2021-05-10 08:05:17,135] - [akka.event.slf4j.Slf4jLogger]  Slf4jLogger started
[34m[INFO][0;39m - [2021-05-10 08:05:17,615] - [reactivemongo.api.Driver]  [Supervisor-1] Creating connection: Connection-1
[34m[INFO][0;39m - [2021-05-10 08:05:17,699] - [reactivemongo.core.actors.MongoDBSystem]  [Supervisor-1/Connection-1] Starting the MongoDBSystem
[34m[INFO][0;39m - [2021-05-10 08:05:17,717] - [reactivemongo.core.netty.Pack]  Instantiated reactivemongo.core.netty.Pack
[34m[INFO][0;39m - [2021-05-10 08:06:36,181] - [akka.event.slf4j.Slf4jLogger]  Slf4jLogger started
[34m[INFO][0;39m - [2021-05-10 08:06:36,990] - [reactivemongo.api.Driver]  [Supervisor-1] Creating connection: Connection-1
[34m[INFO][0;39m - [2021-05-10 08:06:37,098] - [reactivemongo.core.actors.MongoDBSystem]  [Supervisor-1/Connection-1] Starting the MongoDBSystem
[34m[INFO][0;39m - [2021-05-10 08:06:37,179] - [reactivemongo.core.netty.Pack]  Instantiated reactivemongo.core.netty.Pack
[34m[INFO][0;39m - [2021-05-10 08:15:55,817] - [akka.event.slf4j.Slf4jLogger]  Slf4jLogger started
[34m[INFO][0;39m - [2021-05-10 08:16:25,645] - [akka.event.slf4j.Slf4jLogger]  Slf4jLogger started
[34m[INFO][0;39m - [2021-05-10 08:16:25,819] - [reactivemongo.api.Driver]  [Supervisor-1] Creating connection: Connection-1
[34m[INFO][0;39m - [2021-05-10 08:16:25,900] - [reactivemongo.core.actors.MongoDBSystem]  [Supervisor-1/Connection-1] Starting the MongoDBSystem
[34m[INFO][0;39m - [2021-05-10 08:16:25,917] - [reactivemongo.core.netty.Pack]  Instantiated reactivemongo.core.netty.Pack
[34m[INFO][0;39m - [2021-05-10 08:19:54,155] - [akka.event.slf4j.Slf4jLogger]  Slf4jLogger started
[34m[INFO][0;39m - [2021-05-10 08:20:00,500] - [akka.event.slf4j.Slf4jLogger]  Slf4jLogger started
[34m[INFO][0;39m - [2021-05-10 08:20:00,764] - [reactivemongo.api.Driver]  [Supervisor-1] Creating connection: Connection-1
[34m[INFO][0;39m - [2021-05-10 08:20:00,821] - [reactivemongo.core.actors.MongoDBSystem]  [Supervisor-1/Connection-1] Starting the MongoDBSystem
[34m[INFO][0;39m - [2021-05-10 08:20:00,842] - [reactivemongo.core.netty.Pack]  Instantiated reactivemongo.core.netty.Pack
[34m[INFO][0;39m - [2021-05-10 08:48:42,924] - [akka.event.slf4j.Slf4jLogger]  Slf4jLogger started
[34m[INFO][0;39m - [2021-05-10 08:49:11,974] - [akka.event.slf4j.Slf4jLogger]  Slf4jLogger started
[34m[INFO][0;39m - [2021-05-10 08:49:12,198] - [reactivemongo.api.Driver]  [Supervisor-1] Creating connection: Connection-1
[34m[INFO][0;39m - [2021-05-10 08:49:12,273] - [reactivemongo.core.actors.MongoDBSystem]  [Supervisor-1/Connection-1] Starting the MongoDBSystem
[34m[INFO][0;39m - [2021-05-10 08:49:12,292] - [reactivemongo.core.netty.Pack]  Instantiated reactivemongo.core.netty.Pack
[34m[INFO][0;39m - [2021-05-10 09:00:24,506] - [akka.event.slf4j.Slf4jLogger]  Slf4jLogger started
[34m[INFO][0;39m - [2021-05-10 09:00:36,677] - [akka.event.slf4j.Slf4jLogger]  Slf4jLogger started
[34m[INFO][0;39m - [2021-05-10 09:00:36,844] - [reactivemongo.api.Driver]  [Supervisor-1] Creating connection: Connection-1
[34m[INFO][0;39m - [2021-05-10 09:00:36,910] - [reactivemongo.core.actors.MongoDBSystem]  [Supervisor-1/Connection-1] Starting the MongoDBSystem
[34m[INFO][0;39m - [2021-05-10 09:00:36,931] - [reactivemongo.core.netty.Pack]  Instantiated reactivemongo.core.netty.Pack
[34m[INFO][0;39m - [2021-05-10 09:01:17,718] - [akka.event.slf4j.Slf4jLogger]  Slf4jLogger started
[34m[INFO][0;39m - [2021-05-10 09:01:26,847] - [akka.event.slf4j.Slf4jLogger]  Slf4jLogger started
[34m[INFO][0;39m - [2021-05-10 09:01:27,118] - [reactivemongo.api.Driver]  [Supervisor-1] Creating connection: Connection-1
[34m[INFO][0;39m - [2021-05-10 09:01:27,232] - [reactivemongo.core.actors.MongoDBSystem]  [Supervisor-1/Connection-1] Starting the MongoDBSystem
[34m[INFO][0;39m - [2021-05-10 09:01:27,252] - [reactivemongo.core.netty.Pack]  Instantiated reactivemongo.core.netty.Pack
[34m[INFO][0;39m - [2021-05-10 09:03:47,883] - [akka.event.slf4j.Slf4jLogger]  Slf4jLogger started
[34m[INFO][0;39m - [2021-05-10 09:04:13,627] - [akka.event.slf4j.Slf4jLogger]  Slf4jLogger started
[34m[INFO][0;39m - [2021-05-10 09:04:13,892] - [reactivemongo.api.Driver]  [Supervisor-1] Creating connection: Connection-1
[34m[INFO][0;39m - [2021-05-10 09:04:13,961] - [reactivemongo.core.actors.MongoDBSystem]  [Supervisor-1/Connection-1] Starting the MongoDBSystem
[34m[INFO][0;39m - [2021-05-10 09:04:13,979] - [reactivemongo.core.netty.Pack]  Instantiated reactivemongo.core.netty.Pack
[34m[INFO][0;39m - [2021-05-10 09:05:38,878] - [akka.event.slf4j.Slf4jLogger]  Slf4jLogger started
[34m[INFO][0;39m - [2021-05-10 09:06:12,050] - [akka.event.slf4j.Slf4jLogger]  Slf4jLogger started
[34m[INFO][0;39m - [2021-05-10 09:06:12,232] - [reactivemongo.api.Driver]  [Supervisor-1] Creating connection: Connection-1
[34m[INFO][0;39m - [2021-05-10 09:06:12,313] - [reactivemongo.core.actors.MongoDBSystem]  [Supervisor-1/Connection-1] Starting the MongoDBSystem
[34m[INFO][0;39m - [2021-05-10 09:06:12,327] - [reactivemongo.core.netty.Pack]  Instantiated reactivemongo.core.netty.Pack
[34m[INFO][0;39m - [2021-05-10 09:07:44,256] - [akka.event.slf4j.Slf4jLogger]  Slf4jLogger started
[34m[INFO][0;39m - [2021-05-10 09:07:51,979] - [akka.event.slf4j.Slf4jLogger]  Slf4jLogger started
[34m[INFO][0;39m - [2021-05-10 09:07:52,183] - [reactivemongo.api.Driver]  [Supervisor-1] Creating connection: Connection-1
[34m[INFO][0;39m - [2021-05-10 09:07:52,263] - [reactivemongo.core.actors.MongoDBSystem]  [Supervisor-1/Connection-1] Starting the MongoDBSystem
[34m[INFO][0;39m - [2021-05-10 09:07:52,283] - [reactivemongo.core.netty.Pack]  Instantiated reactivemongo.core.netty.Pack
[34m[INFO][0;39m - [2021-05-10 09:12:31,638] - [akka.event.slf4j.Slf4jLogger]  Slf4jLogger started
[34m[INFO][0;39m - [2021-05-10 09:12:58,350] - [akka.event.slf4j.Slf4jLogger]  Slf4jLogger started
[34m[INFO][0;39m - [2021-05-10 09:12:58,533] - [reactivemongo.api.Driver]  [Supervisor-1] Creating connection: Connection-1
[34m[INFO][0;39m - [2021-05-10 09:12:58,610] - [reactivemongo.core.actors.MongoDBSystem]  [Supervisor-1/Connection-1] Starting the MongoDBSystem
[34m[INFO][0;39m - [2021-05-10 09:12:58,632] - [reactivemongo.core.netty.Pack]  Instantiated reactivemongo.core.netty.Pack
[34m[INFO][0;39m - [2021-05-10 09:40:00,890] - [akka.event.slf4j.Slf4jLogger]  Slf4jLogger started
[34m[INFO][0;39m - [2021-05-10 09:40:25,260] - [akka.event.slf4j.Slf4jLogger]  Slf4jLogger started
[34m[INFO][0;39m - [2021-05-10 09:40:25,422] - [reactivemongo.api.Driver]  [Supervisor-1] Creating connection: Connection-1
[34m[INFO][0;39m - [2021-05-10 09:40:25,500] - [reactivemongo.core.actors.MongoDBSystem]  [Supervisor-1/Connection-1] Starting the MongoDBSystem
[34m[INFO][0;39m - [2021-05-10 09:40:25,518] - [reactivemongo.core.netty.Pack]  Instantiated reactivemongo.core.netty.Pack
[34m[INFO][0;39m - [2021-05-10 10:06:27,213] - [akka.event.slf4j.Slf4jLogger]  Slf4jLogger started
[34m[INFO][0;39m - [2021-05-10 10:06:33,764] - [akka.event.slf4j.Slf4jLogger]  Slf4jLogger started
[34m[INFO][0;39m - [2021-05-10 10:06:34,015] - [reactivemongo.api.Driver]  [Supervisor-1] Creating connection: Connection-1
[34m[INFO][0;39m - [2021-05-10 10:06:34,158] - [reactivemongo.core.actors.MongoDBSystem]  [Supervisor-1/Connection-1] Starting the MongoDBSystem
[34m[INFO][0;39m - [2021-05-10 10:06:34,198] - [reactivemongo.core.netty.Pack]  Instantiated reactivemongo.core.netty.Pack
[34m[INFO][0;39m - [2021-05-10 11:09:30,973] - [akka.event.slf4j.Slf4jLogger]  Slf4jLogger started
[34m[INFO][0;39m - [2021-05-10 11:09:43,193] - [akka.event.slf4j.Slf4jLogger]  Slf4jLogger started
[34m[INFO][0;39m - [2021-05-10 11:09:44,557] - [akka.event.slf4j.Slf4jLogger]  Slf4jLogger started
[34m[INFO][0;39m - [2021-05-10 11:09:44,947] - [reactivemongo.api.Driver]  [Supervisor-1] Creating connection: Connection-1
[34m[INFO][0;39m - [2021-05-10 11:09:45,096] - [reactivemongo.core.actors.MongoDBSystem]  [Supervisor-1/Connection-1] Starting the MongoDBSystem
[34m[INFO][0;39m - [2021-05-10 11:09:45,123] - [reactivemongo.core.netty.Pack]  Instantiated reactivemongo.core.netty.Pack
[1;31m[ERROR][0;39m - [2021-05-10 11:21:02,669] - [akka.actor.ActorSystemImpl]  Error during processing of request: 'None.get'. Completing with 500 Internal Server Error response. To change default exception handling behavior, provide a custom ExceptionHandler.
java.util.NoSuchElementException: None.get
	at scala.None$.get(Option.scala:529)
	at scala.None$.get(Option.scala:527)
	at service.JwtAuthorization$.$anonfun$authenticated$1(JwtAuthorization.scala:38)
	at akka.http.scaladsl.server.Directive$SingleValueTransformers$.$anonfun$flatMap$1(Directive.scala:188)
	at akka.http.scaladsl.server.Directive.$anonfun$tflatMap$2(Directive.scala:91)
	at akka.http.scaladsl.server.directives.BasicDirectives.$anonfun$textract$2(BasicDirectives.scala:161)
	at akka.http.scaladsl.server.directives.BasicDirectives.$anonfun$mapRouteResult$2(BasicDirectives.scala:68)
	at akka.http.scaladsl.server.directives.BasicDirectives.$anonfun$textract$2(BasicDirectives.scala:161)
	at akka.http.scaladsl.server.directives.FutureDirectives.$anonfun$onComplete$3(FutureDirectives.scala:37)
	at akka.http.scaladsl.util.FastFuture$.$anonfun$transformWith$1(FastFuture.scala:37)
	at akka.http.scaladsl.util.FastFuture$.strictTransform$1(FastFuture.scala:41)
	at akka.http.scaladsl.util.FastFuture$.transformWith$extension1(FastFuture.scala:45)
	at akka.http.scaladsl.util.FastFuture$.transformWith$extension0(FastFuture.scala:37)
	at akka.http.scaladsl.server.directives.FutureDirectives.$anonfun$onComplete$2(FutureDirectives.scala:37)
	at akka.http.scaladsl.server.directives.BasicDirectives.$anonfun$textract$2(BasicDirectives.scala:161)
	at akka.http.scaladsl.server.RouteConcatenation$RouteWithConcatenation.$anonfun$$tilde$2(RouteConcatenation.scala:47)
	at akka.http.scaladsl.util.FastFuture$.strictTransform$1(FastFuture.scala:41)
	at akka.http.scaladsl.util.FastFuture$.transformWith$extension1(FastFuture.scala:45)
	at akka.http.scaladsl.util.FastFuture$.flatMap$extension(FastFuture.scala:26)
	at akka.http.scaladsl.server.RouteConcatenation$RouteWithConcatenation.$anonfun$$tilde$1(RouteConcatenation.scala:44)
	at akka.http.scaladsl.server.directives.BasicDirectives.$anonfun$mapRequestContext$2(BasicDirectives.scala:45)
	at akka.http.scaladsl.server.directives.BasicDirectives.$anonfun$textract$2(BasicDirectives.scala:161)
	at akka.http.scaladsl.server.RouteConcatenation$RouteWithConcatenation.$anonfun$$tilde$2(RouteConcatenation.scala:47)
	at akka.http.scaladsl.util.FastFuture$.strictTransform$1(FastFuture.scala:41)
	at akka.http.scaladsl.util.FastFuture$.transformWith$extension1(FastFuture.scala:45)
	at akka.http.scaladsl.util.FastFuture$.flatMap$extension(FastFuture.scala:26)
	at akka.http.scaladsl.server.RouteConcatenation$RouteWithConcatenation.$anonfun$$tilde$1(RouteConcatenation.scala:44)
	at akka.http.scaladsl.server.RouteConcatenation$RouteWithConcatenation.$anonfun$$tilde$1(RouteConcatenation.scala:44)
	at akka.http.scaladsl.server.RouteConcatenation$RouteWithConcatenation.$anonfun$$tilde$1(RouteConcatenation.scala:44)
	at akka.http.scaladsl.server.RouteConcatenation$RouteWithConcatenation.$anonfun$$tilde$1(RouteConcatenation.scala:44)
	at akka.http.scaladsl.server.RouteConcatenation$RouteWithConcatenation.$anonfun$$tilde$1(RouteConcatenation.scala:44)
	at akka.http.scaladsl.server.RouteConcatenation$RouteWithConcatenation.$anonfun$$tilde$1(RouteConcatenation.scala:44)
	at akka.http.scaladsl.server.RouteConcatenation$RouteWithConcatenation.$anonfun$$tilde$1(RouteConcatenation.scala:44)
	at akka.http.scaladsl.server.RouteConcatenation$RouteWithConcatenation.$anonfun$$tilde$1(RouteConcatenation.scala:44)
	at akka.http.scaladsl.server.directives.BasicDirectives.$anonfun$mapRouteResultWith$2(BasicDirectives.scala:74)
	at akka.http.scaladsl.server.directives.BasicDirectives.$anonfun$textract$2(BasicDirectives.scala:161)
	at akka.http.scaladsl.server.directives.ExecutionDirectives.$anonfun$handleExceptions$2(ExecutionDirectives.scala:32)
	at akka.http.scaladsl.server.Route$.$anonfun$createAsyncHandler$1(Route.scala:110)
	at akka.stream.impl.fusing.MapAsyncUnordered$$anon$31.onPush(Ops.scala:1400)
	at akka.stream.impl.fusing.GraphInterpreter.processPush(GraphInterpreter.scala:541)
	at akka.stream.impl.fusing.GraphInterpreter.execute(GraphInterpreter.scala:423)
	at akka.stream.impl.fusing.GraphInterpreterShell.runBatch(ActorGraphInterpreter.scala:625)
	at akka.stream.impl.fusing.GraphInterpreterShell$AsyncInput.execute(ActorGraphInterpreter.scala:502)
	at akka.stream.impl.fusing.GraphInterpreterShell.processEvent(ActorGraphInterpreter.scala:600)
	at akka.stream.impl.fusing.ActorGraphInterpreter.akka$stream$impl$fusing$ActorGraphInterpreter$$processEvent(ActorGraphInterpreter.scala:769)
	at akka.stream.impl.fusing.ActorGraphInterpreter$$anonfun$receive$1.applyOrElse(ActorGraphInterpreter.scala:784)
	at akka.actor.Actor.aroundReceive(Actor.scala:537)
	at akka.actor.Actor.aroundReceive$(Actor.scala:535)
	at akka.stream.impl.fusing.ActorGraphInterpreter.aroundReceive(ActorGraphInterpreter.scala:691)
	at akka.actor.ActorCell.receiveMessage(ActorCell.scala:577)
	at akka.actor.ActorCell.invoke(ActorCell.scala:547)
	at akka.dispatch.Mailbox.processMailbox(Mailbox.scala:270)
	at akka.dispatch.Mailbox.run(Mailbox.scala:231)
	at akka.dispatch.Mailbox.exec(Mailbox.scala:243)
	at java.base/java.util.concurrent.ForkJoinTask.doExec(ForkJoinTask.java:290)
	at java.base/java.util.concurrent.ForkJoinPool$WorkQueue.topLevelExec(ForkJoinPool.java:1020)
	at java.base/java.util.concurrent.ForkJoinPool.scan(ForkJoinPool.java:1656)
	at java.base/java.util.concurrent.ForkJoinPool.runWorker(ForkJoinPool.java:1594)
	at java.base/java.util.concurrent.ForkJoinWorkerThread.run(ForkJoinWorkerThread.java:183)
[1;31m[ERROR][0;39m - [2021-05-10 11:24:36,061] - [akka.actor.ActorSystemImpl]  Error during processing of request: 'None.get'. Completing with 500 Internal Server Error response. To change default exception handling behavior, provide a custom ExceptionHandler.
java.util.NoSuchElementException: None.get
	at scala.None$.get(Option.scala:529)
	at scala.None$.get(Option.scala:527)
	at service.JwtAuthorization$.$anonfun$authenticated$1(JwtAuthorization.scala:38)
	at akka.http.scaladsl.server.Directive$SingleValueTransformers$.$anonfun$flatMap$1(Directive.scala:188)
	at akka.http.scaladsl.server.Directive.$anonfun$tflatMap$2(Directive.scala:91)
	at akka.http.scaladsl.server.directives.BasicDirectives.$anonfun$textract$2(BasicDirectives.scala:161)
	at akka.http.scaladsl.server.directives.BasicDirectives.$anonfun$mapRouteResult$2(BasicDirectives.scala:68)
	at akka.http.scaladsl.server.directives.BasicDirectives.$anonfun$textract$2(BasicDirectives.scala:161)
	at akka.http.scaladsl.server.directives.FutureDirectives.$anonfun$onComplete$3(FutureDirectives.scala:37)
	at akka.http.scaladsl.util.FastFuture$.$anonfun$transformWith$1(FastFuture.scala:37)
	at akka.http.scaladsl.util.FastFuture$.strictTransform$1(FastFuture.scala:41)
	at akka.http.scaladsl.util.FastFuture$.transformWith$extension1(FastFuture.scala:45)
	at akka.http.scaladsl.util.FastFuture$.transformWith$extension0(FastFuture.scala:37)
	at akka.http.scaladsl.server.directives.FutureDirectives.$anonfun$onComplete$2(FutureDirectives.scala:37)
	at akka.http.scaladsl.server.directives.BasicDirectives.$anonfun$textract$2(BasicDirectives.scala:161)
	at akka.http.scaladsl.server.RouteConcatenation$RouteWithConcatenation.$anonfun$$tilde$2(RouteConcatenation.scala:47)
	at akka.http.scaladsl.util.FastFuture$.strictTransform$1(FastFuture.scala:41)
	at akka.http.scaladsl.util.FastFuture$.transformWith$extension1(FastFuture.scala:45)
	at akka.http.scaladsl.util.FastFuture$.flatMap$extension(FastFuture.scala:26)
	at akka.http.scaladsl.server.RouteConcatenation$RouteWithConcatenation.$anonfun$$tilde$1(RouteConcatenation.scala:44)
	at akka.http.scaladsl.server.directives.BasicDirectives.$anonfun$mapRequestContext$2(BasicDirectives.scala:45)
	at akka.http.scaladsl.server.directives.BasicDirectives.$anonfun$textract$2(BasicDirectives.scala:161)
	at akka.http.scaladsl.server.RouteConcatenation$RouteWithConcatenation.$anonfun$$tilde$2(RouteConcatenation.scala:47)
	at akka.http.scaladsl.util.FastFuture$.strictTransform$1(FastFuture.scala:41)
	at akka.http.scaladsl.util.FastFuture$.transformWith$extension1(FastFuture.scala:45)
	at akka.http.scaladsl.util.FastFuture$.flatMap$extension(FastFuture.scala:26)
	at akka.http.scaladsl.server.RouteConcatenation$RouteWithConcatenation.$anonfun$$tilde$1(RouteConcatenation.scala:44)
	at akka.http.scaladsl.server.RouteConcatenation$RouteWithConcatenation.$anonfun$$tilde$1(RouteConcatenation.scala:44)
	at akka.http.scaladsl.server.RouteConcatenation$RouteWithConcatenation.$anonfun$$tilde$1(RouteConcatenation.scala:44)
	at akka.http.scaladsl.server.RouteConcatenation$RouteWithConcatenation.$anonfun$$tilde$1(RouteConcatenation.scala:44)
	at akka.http.scaladsl.server.RouteConcatenation$RouteWithConcatenation.$anonfun$$tilde$1(RouteConcatenation.scala:44)
	at akka.http.scaladsl.server.RouteConcatenation$RouteWithConcatenation.$anonfun$$tilde$1(RouteConcatenation.scala:44)
	at akka.http.scaladsl.server.RouteConcatenation$RouteWithConcatenation.$anonfun$$tilde$1(RouteConcatenation.scala:44)
	at akka.http.scaladsl.server.RouteConcatenation$RouteWithConcatenation.$anonfun$$tilde$1(RouteConcatenation.scala:44)
	at akka.http.scaladsl.server.directives.BasicDirectives.$anonfun$mapRouteResultWith$2(BasicDirectives.scala:74)
	at akka.http.scaladsl.server.directives.BasicDirectives.$anonfun$textract$2(BasicDirectives.scala:161)
	at akka.http.scaladsl.server.directives.ExecutionDirectives.$anonfun$handleExceptions$2(ExecutionDirectives.scala:32)
	at akka.http.scaladsl.server.Route$.$anonfun$createAsyncHandler$1(Route.scala:110)
	at akka.stream.impl.fusing.MapAsyncUnordered$$anon$31.onPush(Ops.scala:1400)
	at akka.stream.impl.fusing.GraphInterpreter.processPush(GraphInterpreter.scala:541)
	at akka.stream.impl.fusing.GraphInterpreter.execute(GraphInterpreter.scala:423)
	at akka.stream.impl.fusing.GraphInterpreterShell.runBatch(ActorGraphInterpreter.scala:625)
	at akka.stream.impl.fusing.GraphInterpreterShell$AsyncInput.execute(ActorGraphInterpreter.scala:502)
	at akka.stream.impl.fusing.GraphInterpreterShell.processEvent(ActorGraphInterpreter.scala:600)
	at akka.stream.impl.fusing.ActorGraphInterpreter.akka$stream$impl$fusing$ActorGraphInterpreter$$processEvent(ActorGraphInterpreter.scala:769)
	at akka.stream.impl.fusing.ActorGraphInterpreter$$anonfun$receive$1.applyOrElse(ActorGraphInterpreter.scala:784)
	at akka.actor.Actor.aroundReceive(Actor.scala:537)
	at akka.actor.Actor.aroundReceive$(Actor.scala:535)
	at akka.stream.impl.fusing.ActorGraphInterpreter.aroundReceive(ActorGraphInterpreter.scala:691)
	at akka.actor.ActorCell.receiveMessage(ActorCell.scala:577)
	at akka.actor.ActorCell.invoke(ActorCell.scala:547)
	at akka.dispatch.Mailbox.processMailbox(Mailbox.scala:270)
	at akka.dispatch.Mailbox.run(Mailbox.scala:231)
	at akka.dispatch.Mailbox.exec(Mailbox.scala:243)
	at java.base/java.util.concurrent.ForkJoinTask.doExec(ForkJoinTask.java:290)
	at java.base/java.util.concurrent.ForkJoinPool$WorkQueue.topLevelExec(ForkJoinPool.java:1020)
	at java.base/java.util.concurrent.ForkJoinPool.scan(ForkJoinPool.java:1656)
	at java.base/java.util.concurrent.ForkJoinPool.runWorker(ForkJoinPool.java:1594)
	at java.base/java.util.concurrent.ForkJoinWorkerThread.run(ForkJoinWorkerThread.java:183)
[1;31m[ERROR][0;39m - [2021-05-10 11:27:40,740] - [akka.actor.ActorSystemImpl]  Error during processing of request: 'DatabaseException['E11000 duplicate key error collection: db1.university index: _id_ dup key: { : 2 }' (code = 11000)]'. Completing with 500 Internal Server Error response. To change default exception handling behavior, provide a custom ExceptionHandler.
reactivemongo.api.commands.LastError: DatabaseException['E11000 duplicate key error collection: db1.university index: _id_ dup key: { : 2 }' (code = 11000)]
[34m[INFO][0;39m - [2021-05-10 17:56:37,524] - [akka.event.slf4j.Slf4jLogger]  Slf4jLogger started
[34m[INFO][0;39m - [2021-05-10 18:28:08,611] - [akka.event.slf4j.Slf4jLogger]  Slf4jLogger started
[34m[INFO][0;39m - [2021-05-10 18:28:59,486] - [akka.event.slf4j.Slf4jLogger]  Slf4jLogger started
[34m[INFO][0;39m - [2021-05-10 18:28:59,604] - [reactivemongo.api.Driver]  [Supervisor-1] Creating connection: Connection-1
[34m[INFO][0;39m - [2021-05-10 18:28:59,666] - [reactivemongo.core.actors.MongoDBSystem]  [Supervisor-1/Connection-1] Starting the MongoDBSystem
[34m[INFO][0;39m - [2021-05-10 18:28:59,682] - [reactivemongo.core.netty.Pack]  Instantiated reactivemongo.core.netty.Pack
[34m[INFO][0;39m - [2021-05-10 18:29:00,361] - [akka.event.slf4j.Slf4jLogger]  Slf4jLogger started
[34m[INFO][0;39m - [2021-05-10 18:48:03,040] - [akka.event.slf4j.Slf4jLogger]  Slf4jLogger started
[34m[INFO][0;39m - [2021-05-10 18:48:08,053] - [akka.event.slf4j.Slf4jLogger]  Slf4jLogger started
[1;31m[ERROR][0;39m - [2021-05-10 18:48:08,232] - [akka.actor.ActorSystemImpl]  Error during processing of request: 'None.get'. Completing with 500 Internal Server Error response. To change default exception handling behavior, provide a custom ExceptionHandler.
java.util.NoSuchElementException: None.get
	at scala.None$.get(Option.scala:529)
	at scala.None$.get(Option.scala:527)
	at service.JwtAuthorization$.$anonfun$authenticated$1(JwtAuthorization.scala:38)
	at akka.http.scaladsl.server.Directive$SingleValueTransformers$.$anonfun$flatMap$1(Directive.scala:188)
	at akka.http.scaladsl.server.Directive.$anonfun$tflatMap$2(Directive.scala:91)
	at akka.http.scaladsl.server.directives.BasicDirectives.$anonfun$textract$2(BasicDirectives.scala:161)
	at akka.http.scaladsl.server.directives.BasicDirectives.$anonfun$mapRouteResult$2(BasicDirectives.scala:68)
	at akka.http.scaladsl.server.directives.BasicDirectives.$anonfun$textract$2(BasicDirectives.scala:161)
	at akka.http.scaladsl.server.RouteConcatenation$RouteWithConcatenation.$anonfun$$tilde$2(RouteConcatenation.scala:47)
	at akka.http.scaladsl.util.FastFuture$.strictTransform$1(FastFuture.scala:41)
	at akka.http.scaladsl.util.FastFuture$.transformWith$extension1(FastFuture.scala:45)
	at akka.http.scaladsl.util.FastFuture$.flatMap$extension(FastFuture.scala:26)
	at akka.http.scaladsl.server.RouteConcatenation$RouteWithConcatenation.$anonfun$$tilde$1(RouteConcatenation.scala:44)
	at akka.http.scaladsl.server.directives.BasicDirectives.$anonfun$mapRequestContext$2(BasicDirectives.scala:45)
	at akka.http.scaladsl.server.directives.BasicDirectives.$anonfun$textract$2(BasicDirectives.scala:161)
	at akka.http.scaladsl.server.RouteConcatenation$RouteWithConcatenation.$anonfun$$tilde$1(RouteConcatenation.scala:44)
	at akka.http.scaladsl.server.RouteConcatenation$RouteWithConcatenation.$anonfun$$tilde$1(RouteConcatenation.scala:44)
	at akka.http.scaladsl.server.RouteConcatenation$RouteWithConcatenation.$anonfun$$tilde$1(RouteConcatenation.scala:44)
	at akka.http.scaladsl.server.RouteConcatenation$RouteWithConcatenation.$anonfun$$tilde$1(RouteConcatenation.scala:44)
	at akka.http.scaladsl.server.RouteConcatenation$RouteWithConcatenation.$anonfun$$tilde$1(RouteConcatenation.scala:44)
	at akka.http.scaladsl.server.RouteConcatenation$RouteWithConcatenation.$anonfun$$tilde$1(RouteConcatenation.scala:44)
	at akka.http.scaladsl.server.RouteConcatenation$RouteWithConcatenation.$anonfun$$tilde$1(RouteConcatenation.scala:44)
	at akka.http.scaladsl.server.RouteConcatenation$RouteWithConcatenation.$anonfun$$tilde$1(RouteConcatenation.scala:44)
	at akka.http.scaladsl.server.RouteConcatenation$RouteWithConcatenation.$anonfun$$tilde$1(RouteConcatenation.scala:44)
	at akka.http.scaladsl.server.RouteConcatenation$RouteWithConcatenation.$anonfun$$tilde$1(RouteConcatenation.scala:44)
	at akka.http.scaladsl.server.RouteConcatenation$RouteWithConcatenation.$anonfun$$tilde$1(RouteConcatenation.scala:44)
	at akka.http.scaladsl.server.directives.ExecutionDirectives.$anonfun$handleExceptions$2(ExecutionDirectives.scala:32)
	at akka.http.scaladsl.testkit.RouteTest$TildeArrow$$anon$1.apply(RouteTest.scala:182)
	at akka.http.scaladsl.testkit.RouteTest$TildeArrow$$anon$1.apply(RouteTest.scala:159)
	at akka.http.scaladsl.testkit.RouteTest$WithTransformation2.$tilde$greater(RouteTest.scala:131)
	at service.AkkaServiceSpec.$anonfun$new$2(AkkaServiceSpec.scala:31)
	at org.scalatest.OutcomeOf.outcomeOf(OutcomeOf.scala:85)
	at org.scalatest.OutcomeOf.outcomeOf$(OutcomeOf.scala:83)
	at org.scalatest.OutcomeOf$.outcomeOf(OutcomeOf.scala:104)
	at org.scalatest.Transformer.apply(Transformer.scala:22)
	at org.scalatest.Transformer.apply(Transformer.scala:20)
	at org.scalatest.wordspec.AnyWordSpecLike$$anon$3.apply(AnyWordSpecLike.scala:1076)
	at org.scalatest.TestSuite.withFixture(TestSuite.scala:196)
	at org.scalatest.TestSuite.withFixture$(TestSuite.scala:195)
	at org.scalatest.wordspec.AnyWordSpec.withFixture(AnyWordSpec.scala:1879)
	at org.scalatest.wordspec.AnyWordSpecLike.invokeWithFixture$1(AnyWordSpecLike.scala:1074)
	at org.scalatest.wordspec.AnyWordSpecLike.$anonfun$runTest$1(AnyWordSpecLike.scala:1086)
	at org.scalatest.SuperEngine.runTestImpl(Engine.scala:306)
	at org.scalatest.wordspec.AnyWordSpecLike.runTest(AnyWordSpecLike.scala:1086)
	at org.scalatest.wordspec.AnyWordSpecLike.runTest$(AnyWordSpecLike.scala:1068)
	at org.scalatest.wordspec.AnyWordSpec.runTest(AnyWordSpec.scala:1879)
	at org.scalatest.wordspec.AnyWordSpecLike.$anonfun$runTests$1(AnyWordSpecLike.scala:1145)
	at org.scalatest.SuperEngine.$anonfun$runTestsInBranch$1(Engine.scala:413)
	at scala.collection.immutable.List.foreach(List.scala:431)
	at org.scalatest.SuperEngine.traverseSubNodes$1(Engine.scala:401)
	at org.scalatest.SuperEngine.runTestsInBranch(Engine.scala:390)
	at org.scalatest.SuperEngine.$anonfun$runTestsInBranch$1(Engine.scala:427)
	at scala.collection.immutable.List.foreach(List.scala:431)
	at org.scalatest.SuperEngine.traverseSubNodes$1(Engine.scala:401)
	at org.scalatest.SuperEngine.runTestsInBranch(Engine.scala:396)
	at org.scalatest.SuperEngine.runTestsImpl(Engine.scala:475)
	at org.scalatest.wordspec.AnyWordSpecLike.runTests(AnyWordSpecLike.scala:1145)
	at org.scalatest.wordspec.AnyWordSpecLike.runTests$(AnyWordSpecLike.scala:1144)
	at org.scalatest.wordspec.AnyWordSpec.runTests(AnyWordSpec.scala:1879)
	at org.scalatest.Suite.run(Suite.scala:1112)
	at org.scalatest.Suite.run$(Suite.scala:1094)
	at org.scalatest.wordspec.AnyWordSpec.org$scalatest$wordspec$AnyWordSpecLike$$super$run(AnyWordSpec.scala:1879)
	at org.scalatest.wordspec.AnyWordSpecLike.$anonfun$run$1(AnyWordSpecLike.scala:1190)
	at org.scalatest.SuperEngine.runImpl(Engine.scala:535)
	at org.scalatest.wordspec.AnyWordSpecLike.run(AnyWordSpecLike.scala:1190)
	at org.scalatest.wordspec.AnyWordSpecLike.run$(AnyWordSpecLike.scala:1188)
	at service.AkkaServiceSpec.org$scalatest$BeforeAndAfterAll$$super$run(AkkaServiceSpec.scala:19)
	at org.scalatest.BeforeAndAfterAll.liftedTree1$1(BeforeAndAfterAll.scala:213)
	at org.scalatest.BeforeAndAfterAll.run(BeforeAndAfterAll.scala:210)
	at org.scalatest.BeforeAndAfterAll.run$(BeforeAndAfterAll.scala:208)
	at service.AkkaServiceSpec.run(AkkaServiceSpec.scala:19)
	at org.scalatest.tools.Framework.org$scalatest$tools$Framework$$runSuite(Framework.scala:318)
	at org.scalatest.tools.Framework$ScalaTestTask.execute(Framework.scala:513)
	at sbt.TestRunner.runTest$1(TestFramework.scala:139)
	at sbt.TestRunner.run(TestFramework.scala:154)
	at sbt.TestFramework$$anon$3$$anonfun$$lessinit$greater$1.$anonfun$apply$1(TestFramework.scala:317)
	at sbt.TestFramework$.sbt$TestFramework$$withContextLoader(TestFramework.scala:277)
	at sbt.TestFramework$$anon$3$$anonfun$$lessinit$greater$1.apply(TestFramework.scala:317)
	at sbt.TestFramework$$anon$3$$anonfun$$lessinit$greater$1.apply(TestFramework.scala:317)
	at sbt.TestFunction.apply(TestFramework.scala:329)
	at sbt.Tests$.$anonfun$toTask$1(Tests.scala:422)
	at sbt.std.Transform$$anon$3.$anonfun$apply$2(Transform.scala:46)
	at sbt.std.Transform$$anon$4.work(Transform.scala:68)
	at sbt.Execute.$anonfun$submit$2(Execute.scala:282)
	at sbt.internal.util.ErrorHandling$.wideConvert(ErrorHandling.scala:23)
	at sbt.Execute.work(Execute.scala:291)
	at sbt.Execute.$anonfun$submit$1(Execute.scala:282)
	at sbt.ConcurrentRestrictions$$anon$4.$anonfun$submitValid$1(ConcurrentRestrictions.scala:265)
	at sbt.CompletionService$$anon$2.call(CompletionService.scala:64)
	at java.base/java.util.concurrent.FutureTask.run(FutureTask.java:264)
	at java.base/java.util.concurrent.Executors$RunnableAdapter.call(Executors.java:515)
	at java.base/java.util.concurrent.FutureTask.run(FutureTask.java:264)
	at java.base/java.util.concurrent.ThreadPoolExecutor.runWorker(ThreadPoolExecutor.java:1128)
	at java.base/java.util.concurrent.ThreadPoolExecutor$Worker.run(ThreadPoolExecutor.java:628)
	at java.base/java.lang.Thread.run(Thread.java:829)
[34m[INFO][0;39m - [2021-05-10 18:49:09,922] - [akka.event.slf4j.Slf4jLogger]  Slf4jLogger started
[34m[INFO][0;39m - [2021-05-10 18:49:15,022] - [akka.event.slf4j.Slf4jLogger]  Slf4jLogger started
[1;31m[ERROR][0;39m - [2021-05-10 18:49:15,126] - [akka.actor.ActorSystemImpl]  Error during processing of request: 'None.get'. Completing with 500 Internal Server Error response. To change default exception handling behavior, provide a custom ExceptionHandler.
java.util.NoSuchElementException: None.get
	at scala.None$.get(Option.scala:529)
	at scala.None$.get(Option.scala:527)
	at service.JwtAuthorization$.$anonfun$authenticated$1(JwtAuthorization.scala:38)
	at akka.http.scaladsl.server.Directive$SingleValueTransformers$.$anonfun$flatMap$1(Directive.scala:188)
	at akka.http.scaladsl.server.Directive.$anonfun$tflatMap$2(Directive.scala:91)
	at akka.http.scaladsl.server.directives.BasicDirectives.$anonfun$textract$2(BasicDirectives.scala:161)
	at akka.http.scaladsl.server.directives.BasicDirectives.$anonfun$mapRouteResult$2(BasicDirectives.scala:68)
	at akka.http.scaladsl.server.directives.BasicDirectives.$anonfun$textract$2(BasicDirectives.scala:161)
	at akka.http.scaladsl.server.RouteConcatenation$RouteWithConcatenation.$anonfun$$tilde$2(RouteConcatenation.scala:47)
	at akka.http.scaladsl.util.FastFuture$.strictTransform$1(FastFuture.scala:41)
	at akka.http.scaladsl.util.FastFuture$.transformWith$extension1(FastFuture.scala:45)
	at akka.http.scaladsl.util.FastFuture$.flatMap$extension(FastFuture.scala:26)
	at akka.http.scaladsl.server.RouteConcatenation$RouteWithConcatenation.$anonfun$$tilde$1(RouteConcatenation.scala:44)
	at akka.http.scaladsl.server.directives.BasicDirectives.$anonfun$mapRequestContext$2(BasicDirectives.scala:45)
	at akka.http.scaladsl.server.directives.BasicDirectives.$anonfun$textract$2(BasicDirectives.scala:161)
	at akka.http.scaladsl.server.RouteConcatenation$RouteWithConcatenation.$anonfun$$tilde$1(RouteConcatenation.scala:44)
	at akka.http.scaladsl.server.RouteConcatenation$RouteWithConcatenation.$anonfun$$tilde$1(RouteConcatenation.scala:44)
	at akka.http.scaladsl.server.RouteConcatenation$RouteWithConcatenation.$anonfun$$tilde$1(RouteConcatenation.scala:44)
	at akka.http.scaladsl.server.RouteConcatenation$RouteWithConcatenation.$anonfun$$tilde$1(RouteConcatenation.scala:44)
	at akka.http.scaladsl.server.RouteConcatenation$RouteWithConcatenation.$anonfun$$tilde$1(RouteConcatenation.scala:44)
	at akka.http.scaladsl.server.RouteConcatenation$RouteWithConcatenation.$anonfun$$tilde$1(RouteConcatenation.scala:44)
	at akka.http.scaladsl.server.RouteConcatenation$RouteWithConcatenation.$anonfun$$tilde$1(RouteConcatenation.scala:44)
	at akka.http.scaladsl.server.RouteConcatenation$RouteWithConcatenation.$anonfun$$tilde$1(RouteConcatenation.scala:44)
	at akka.http.scaladsl.server.RouteConcatenation$RouteWithConcatenation.$anonfun$$tilde$1(RouteConcatenation.scala:44)
	at akka.http.scaladsl.server.RouteConcatenation$RouteWithConcatenation.$anonfun$$tilde$1(RouteConcatenation.scala:44)
	at akka.http.scaladsl.server.RouteConcatenation$RouteWithConcatenation.$anonfun$$tilde$1(RouteConcatenation.scala:44)
	at akka.http.scaladsl.server.directives.ExecutionDirectives.$anonfun$handleExceptions$2(ExecutionDirectives.scala:32)
	at akka.http.scaladsl.testkit.RouteTest$TildeArrow$$anon$1.apply(RouteTest.scala:182)
	at akka.http.scaladsl.testkit.RouteTest$TildeArrow$$anon$1.apply(RouteTest.scala:159)
	at akka.http.scaladsl.testkit.RouteTest$WithTransformation2.$tilde$greater(RouteTest.scala:131)
	at service.AkkaServiceSpec.$anonfun$new$2(AkkaServiceSpec.scala:31)
	at org.scalatest.OutcomeOf.outcomeOf(OutcomeOf.scala:85)
	at org.scalatest.OutcomeOf.outcomeOf$(OutcomeOf.scala:83)
	at org.scalatest.OutcomeOf$.outcomeOf(OutcomeOf.scala:104)
	at org.scalatest.Transformer.apply(Transformer.scala:22)
	at org.scalatest.Transformer.apply(Transformer.scala:20)
	at org.scalatest.wordspec.AnyWordSpecLike$$anon$3.apply(AnyWordSpecLike.scala:1076)
	at org.scalatest.TestSuite.withFixture(TestSuite.scala:196)
	at org.scalatest.TestSuite.withFixture$(TestSuite.scala:195)
	at org.scalatest.wordspec.AnyWordSpec.withFixture(AnyWordSpec.scala:1879)
	at org.scalatest.wordspec.AnyWordSpecLike.invokeWithFixture$1(AnyWordSpecLike.scala:1074)
	at org.scalatest.wordspec.AnyWordSpecLike.$anonfun$runTest$1(AnyWordSpecLike.scala:1086)
	at org.scalatest.SuperEngine.runTestImpl(Engine.scala:306)
	at org.scalatest.wordspec.AnyWordSpecLike.runTest(AnyWordSpecLike.scala:1086)
	at org.scalatest.wordspec.AnyWordSpecLike.runTest$(AnyWordSpecLike.scala:1068)
	at org.scalatest.wordspec.AnyWordSpec.runTest(AnyWordSpec.scala:1879)
	at org.scalatest.wordspec.AnyWordSpecLike.$anonfun$runTests$1(AnyWordSpecLike.scala:1145)
	at org.scalatest.SuperEngine.$anonfun$runTestsInBranch$1(Engine.scala:413)
	at scala.collection.immutable.List.foreach(List.scala:431)
	at org.scalatest.SuperEngine.traverseSubNodes$1(Engine.scala:401)
	at org.scalatest.SuperEngine.runTestsInBranch(Engine.scala:390)
	at org.scalatest.SuperEngine.$anonfun$runTestsInBranch$1(Engine.scala:427)
	at scala.collection.immutable.List.foreach(List.scala:431)
	at org.scalatest.SuperEngine.traverseSubNodes$1(Engine.scala:401)
	at org.scalatest.SuperEngine.runTestsInBranch(Engine.scala:396)
	at org.scalatest.SuperEngine.runTestsImpl(Engine.scala:475)
	at org.scalatest.wordspec.AnyWordSpecLike.runTests(AnyWordSpecLike.scala:1145)
	at org.scalatest.wordspec.AnyWordSpecLike.runTests$(AnyWordSpecLike.scala:1144)
	at org.scalatest.wordspec.AnyWordSpec.runTests(AnyWordSpec.scala:1879)
	at org.scalatest.Suite.run(Suite.scala:1112)
	at org.scalatest.Suite.run$(Suite.scala:1094)
	at org.scalatest.wordspec.AnyWordSpec.org$scalatest$wordspec$AnyWordSpecLike$$super$run(AnyWordSpec.scala:1879)
	at org.scalatest.wordspec.AnyWordSpecLike.$anonfun$run$1(AnyWordSpecLike.scala:1190)
	at org.scalatest.SuperEngine.runImpl(Engine.scala:535)
	at org.scalatest.wordspec.AnyWordSpecLike.run(AnyWordSpecLike.scala:1190)
	at org.scalatest.wordspec.AnyWordSpecLike.run$(AnyWordSpecLike.scala:1188)
	at service.AkkaServiceSpec.org$scalatest$BeforeAndAfterAll$$super$run(AkkaServiceSpec.scala:19)
	at org.scalatest.BeforeAndAfterAll.liftedTree1$1(BeforeAndAfterAll.scala:213)
	at org.scalatest.BeforeAndAfterAll.run(BeforeAndAfterAll.scala:210)
	at org.scalatest.BeforeAndAfterAll.run$(BeforeAndAfterAll.scala:208)
	at service.AkkaServiceSpec.run(AkkaServiceSpec.scala:19)
	at org.scalatest.tools.Framework.org$scalatest$tools$Framework$$runSuite(Framework.scala:318)
	at org.scalatest.tools.Framework$ScalaTestTask.execute(Framework.scala:513)
	at sbt.TestRunner.runTest$1(TestFramework.scala:139)
	at sbt.TestRunner.run(TestFramework.scala:154)
	at sbt.TestFramework$$anon$3$$anonfun$$lessinit$greater$1.$anonfun$apply$1(TestFramework.scala:317)
	at sbt.TestFramework$.sbt$TestFramework$$withContextLoader(TestFramework.scala:277)
	at sbt.TestFramework$$anon$3$$anonfun$$lessinit$greater$1.apply(TestFramework.scala:317)
	at sbt.TestFramework$$anon$3$$anonfun$$lessinit$greater$1.apply(TestFramework.scala:317)
	at sbt.TestFunction.apply(TestFramework.scala:329)
	at sbt.Tests$.$anonfun$toTask$1(Tests.scala:422)
	at sbt.std.Transform$$anon$3.$anonfun$apply$2(Transform.scala:46)
	at sbt.std.Transform$$anon$4.work(Transform.scala:68)
	at sbt.Execute.$anonfun$submit$2(Execute.scala:282)
	at sbt.internal.util.ErrorHandling$.wideConvert(ErrorHandling.scala:23)
	at sbt.Execute.work(Execute.scala:291)
	at sbt.Execute.$anonfun$submit$1(Execute.scala:282)
	at sbt.ConcurrentRestrictions$$anon$4.$anonfun$submitValid$1(ConcurrentRestrictions.scala:265)
	at sbt.CompletionService$$anon$2.call(CompletionService.scala:64)
	at java.base/java.util.concurrent.FutureTask.run(FutureTask.java:264)
	at java.base/java.util.concurrent.Executors$RunnableAdapter.call(Executors.java:515)
	at java.base/java.util.concurrent.FutureTask.run(FutureTask.java:264)
	at java.base/java.util.concurrent.ThreadPoolExecutor.runWorker(ThreadPoolExecutor.java:1128)
	at java.base/java.util.concurrent.ThreadPoolExecutor$Worker.run(ThreadPoolExecutor.java:628)
	at java.base/java.lang.Thread.run(Thread.java:829)
[34m[INFO][0;39m - [2021-05-10 18:50:03,257] - [akka.event.slf4j.Slf4jLogger]  Slf4jLogger started
[34m[INFO][0;39m - [2021-05-10 18:51:07,088] - [akka.event.slf4j.Slf4jLogger]  Slf4jLogger started
[34m[INFO][0;39m - [2021-05-10 18:51:29,901] - [akka.event.slf4j.Slf4jLogger]  Slf4jLogger started
[34m[INFO][0;39m - [2021-05-10 18:51:46,228] - [akka.event.slf4j.Slf4jLogger]  Slf4jLogger started
[1;31m[ERROR][0;39m - [2021-05-10 18:51:46,285] - [akka.actor.ActorSystemImpl]  Error during processing of request: 'None.get'. Completing with 500 Internal Server Error response. To change default exception handling behavior, provide a custom ExceptionHandler.
java.util.NoSuchElementException: None.get
	at scala.None$.get(Option.scala:529)
	at scala.None$.get(Option.scala:527)
	at service.JwtAuthorization$.$anonfun$authenticated$1(JwtAuthorization.scala:38)
	at akka.http.scaladsl.server.Directive$SingleValueTransformers$.$anonfun$flatMap$1(Directive.scala:188)
	at akka.http.scaladsl.server.Directive.$anonfun$tflatMap$2(Directive.scala:91)
	at akka.http.scaladsl.server.directives.BasicDirectives.$anonfun$textract$2(BasicDirectives.scala:161)
	at akka.http.scaladsl.server.directives.BasicDirectives.$anonfun$mapRouteResult$2(BasicDirectives.scala:68)
	at akka.http.scaladsl.server.directives.BasicDirectives.$anonfun$textract$2(BasicDirectives.scala:161)
	at akka.http.scaladsl.server.RouteConcatenation$RouteWithConcatenation.$anonfun$$tilde$2(RouteConcatenation.scala:47)
	at akka.http.scaladsl.util.FastFuture$.strictTransform$1(FastFuture.scala:41)
	at akka.http.scaladsl.util.FastFuture$.transformWith$extension1(FastFuture.scala:45)
	at akka.http.scaladsl.util.FastFuture$.flatMap$extension(FastFuture.scala:26)
	at akka.http.scaladsl.server.RouteConcatenation$RouteWithConcatenation.$anonfun$$tilde$1(RouteConcatenation.scala:44)
	at akka.http.scaladsl.server.directives.BasicDirectives.$anonfun$mapRequestContext$2(BasicDirectives.scala:45)
	at akka.http.scaladsl.server.directives.BasicDirectives.$anonfun$textract$2(BasicDirectives.scala:161)
	at akka.http.scaladsl.server.RouteConcatenation$RouteWithConcatenation.$anonfun$$tilde$1(RouteConcatenation.scala:44)
	at akka.http.scaladsl.server.RouteConcatenation$RouteWithConcatenation.$anonfun$$tilde$1(RouteConcatenation.scala:44)
	at akka.http.scaladsl.server.RouteConcatenation$RouteWithConcatenation.$anonfun$$tilde$1(RouteConcatenation.scala:44)
	at akka.http.scaladsl.server.RouteConcatenation$RouteWithConcatenation.$anonfun$$tilde$1(RouteConcatenation.scala:44)
	at akka.http.scaladsl.server.RouteConcatenation$RouteWithConcatenation.$anonfun$$tilde$1(RouteConcatenation.scala:44)
	at akka.http.scaladsl.server.RouteConcatenation$RouteWithConcatenation.$anonfun$$tilde$1(RouteConcatenation.scala:44)
	at akka.http.scaladsl.server.RouteConcatenation$RouteWithConcatenation.$anonfun$$tilde$1(RouteConcatenation.scala:44)
	at akka.http.scaladsl.server.RouteConcatenation$RouteWithConcatenation.$anonfun$$tilde$1(RouteConcatenation.scala:44)
	at akka.http.scaladsl.server.RouteConcatenation$RouteWithConcatenation.$anonfun$$tilde$1(RouteConcatenation.scala:44)
	at akka.http.scaladsl.server.RouteConcatenation$RouteWithConcatenation.$anonfun$$tilde$1(RouteConcatenation.scala:44)
	at akka.http.scaladsl.server.RouteConcatenation$RouteWithConcatenation.$anonfun$$tilde$1(RouteConcatenation.scala:44)
	at akka.http.scaladsl.server.directives.BasicDirectives.$anonfun$mapRouteResultWith$2(BasicDirectives.scala:74)
	at akka.http.scaladsl.server.directives.BasicDirectives.$anonfun$textract$2(BasicDirectives.scala:161)
	at akka.http.scaladsl.server.directives.ExecutionDirectives.$anonfun$handleExceptions$2(ExecutionDirectives.scala:32)
	at akka.http.scaladsl.server.Route$.$anonfun$createAsyncHandler$1(Route.scala:110)
	at akka.stream.impl.fusing.MapAsyncUnordered$$anon$31.onPush(Ops.scala:1400)
	at akka.stream.impl.fusing.GraphInterpreter.processPush(GraphInterpreter.scala:541)
	at akka.stream.impl.fusing.GraphInterpreter.execute(GraphInterpreter.scala:423)
	at akka.stream.impl.fusing.GraphInterpreterShell.runBatch(ActorGraphInterpreter.scala:625)
	at akka.stream.impl.fusing.GraphInterpreterShell$AsyncInput.execute(ActorGraphInterpreter.scala:502)
	at akka.stream.impl.fusing.GraphInterpreterShell.processEvent(ActorGraphInterpreter.scala:600)
	at akka.stream.impl.fusing.ActorGraphInterpreter.akka$stream$impl$fusing$ActorGraphInterpreter$$processEvent(ActorGraphInterpreter.scala:769)
	at akka.stream.impl.fusing.ActorGraphInterpreter$$anonfun$receive$1.applyOrElse(ActorGraphInterpreter.scala:784)
	at akka.actor.Actor.aroundReceive(Actor.scala:537)
	at akka.actor.Actor.aroundReceive$(Actor.scala:535)
	at akka.stream.impl.fusing.ActorGraphInterpreter.aroundReceive(ActorGraphInterpreter.scala:691)
	at akka.actor.ActorCell.receiveMessage(ActorCell.scala:577)
	at akka.actor.ActorCell.invoke(ActorCell.scala:547)
	at akka.dispatch.Mailbox.processMailbox(Mailbox.scala:270)
	at akka.dispatch.Mailbox.run(Mailbox.scala:231)
	at akka.dispatch.Mailbox.exec(Mailbox.scala:243)
	at java.base/java.util.concurrent.ForkJoinTask.doExec(ForkJoinTask.java:290)
	at java.base/java.util.concurrent.ForkJoinPool$WorkQueue.topLevelExec(ForkJoinPool.java:1020)
	at java.base/java.util.concurrent.ForkJoinPool.scan(ForkJoinPool.java:1656)
	at java.base/java.util.concurrent.ForkJoinPool.runWorker(ForkJoinPool.java:1594)
	at java.base/java.util.concurrent.ForkJoinWorkerThread.run(ForkJoinWorkerThread.java:183)
[34m[INFO][0;39m - [2021-05-10 18:52:55,408] - [akka.event.slf4j.Slf4jLogger]  Slf4jLogger started
[34m[INFO][0;39m - [2021-05-10 18:52:58,062] - [akka.event.slf4j.Slf4jLogger]  Slf4jLogger started
[1;31m[ERROR][0;39m - [2021-05-10 18:52:58,114] - [akka.actor.ActorSystemImpl]  Error during processing of request: 'None.get'. Completing with 500 Internal Server Error response. To change default exception handling behavior, provide a custom ExceptionHandler.
java.util.NoSuchElementException: None.get
	at scala.None$.get(Option.scala:529)
	at scala.None$.get(Option.scala:527)
	at service.JwtAuthorization$.$anonfun$authenticated$1(JwtAuthorization.scala:38)
	at akka.http.scaladsl.server.Directive$SingleValueTransformers$.$anonfun$flatMap$1(Directive.scala:188)
	at akka.http.scaladsl.server.Directive.$anonfun$tflatMap$2(Directive.scala:91)
	at akka.http.scaladsl.server.directives.BasicDirectives.$anonfun$textract$2(BasicDirectives.scala:161)
	at akka.http.scaladsl.server.directives.BasicDirectives.$anonfun$mapRouteResult$2(BasicDirectives.scala:68)
	at akka.http.scaladsl.server.directives.BasicDirectives.$anonfun$textract$2(BasicDirectives.scala:161)
	at akka.http.scaladsl.server.RouteConcatenation$RouteWithConcatenation.$anonfun$$tilde$2(RouteConcatenation.scala:47)
	at akka.http.scaladsl.util.FastFuture$.strictTransform$1(FastFuture.scala:41)
	at akka.http.scaladsl.util.FastFuture$.transformWith$extension1(FastFuture.scala:45)
	at akka.http.scaladsl.util.FastFuture$.flatMap$extension(FastFuture.scala:26)
	at akka.http.scaladsl.server.RouteConcatenation$RouteWithConcatenation.$anonfun$$tilde$1(RouteConcatenation.scala:44)
	at akka.http.scaladsl.server.directives.BasicDirectives.$anonfun$mapRequestContext$2(BasicDirectives.scala:45)
	at akka.http.scaladsl.server.directives.BasicDirectives.$anonfun$textract$2(BasicDirectives.scala:161)
	at akka.http.scaladsl.server.RouteConcatenation$RouteWithConcatenation.$anonfun$$tilde$1(RouteConcatenation.scala:44)
	at akka.http.scaladsl.server.RouteConcatenation$RouteWithConcatenation.$anonfun$$tilde$1(RouteConcatenation.scala:44)
	at akka.http.scaladsl.server.RouteConcatenation$RouteWithConcatenation.$anonfun$$tilde$1(RouteConcatenation.scala:44)
	at akka.http.scaladsl.server.RouteConcatenation$RouteWithConcatenation.$anonfun$$tilde$1(RouteConcatenation.scala:44)
	at akka.http.scaladsl.server.RouteConcatenation$RouteWithConcatenation.$anonfun$$tilde$1(RouteConcatenation.scala:44)
	at akka.http.scaladsl.server.RouteConcatenation$RouteWithConcatenation.$anonfun$$tilde$1(RouteConcatenation.scala:44)
	at akka.http.scaladsl.server.RouteConcatenation$RouteWithConcatenation.$anonfun$$tilde$1(RouteConcatenation.scala:44)
	at akka.http.scaladsl.server.RouteConcatenation$RouteWithConcatenation.$anonfun$$tilde$1(RouteConcatenation.scala:44)
	at akka.http.scaladsl.server.RouteConcatenation$RouteWithConcatenation.$anonfun$$tilde$1(RouteConcatenation.scala:44)
	at akka.http.scaladsl.server.RouteConcatenation$RouteWithConcatenation.$anonfun$$tilde$1(RouteConcatenation.scala:44)
	at akka.http.scaladsl.server.RouteConcatenation$RouteWithConcatenation.$anonfun$$tilde$1(RouteConcatenation.scala:44)
	at akka.http.scaladsl.server.directives.BasicDirectives.$anonfun$mapRouteResultWith$2(BasicDirectives.scala:74)
	at akka.http.scaladsl.server.directives.BasicDirectives.$anonfun$textract$2(BasicDirectives.scala:161)
	at akka.http.scaladsl.server.directives.ExecutionDirectives.$anonfun$handleExceptions$2(ExecutionDirectives.scala:32)
	at akka.http.scaladsl.server.Route$.$anonfun$createAsyncHandler$1(Route.scala:110)
	at akka.stream.impl.fusing.MapAsyncUnordered$$anon$31.onPush(Ops.scala:1400)
	at akka.stream.impl.fusing.GraphInterpreter.processPush(GraphInterpreter.scala:541)
	at akka.stream.impl.fusing.GraphInterpreter.execute(GraphInterpreter.scala:423)
	at akka.stream.impl.fusing.GraphInterpreterShell.runBatch(ActorGraphInterpreter.scala:625)
	at akka.stream.impl.fusing.GraphInterpreterShell$AsyncInput.execute(ActorGraphInterpreter.scala:502)
	at akka.stream.impl.fusing.GraphInterpreterShell.processEvent(ActorGraphInterpreter.scala:600)
	at akka.stream.impl.fusing.ActorGraphInterpreter.akka$stream$impl$fusing$ActorGraphInterpreter$$processEvent(ActorGraphInterpreter.scala:769)
	at akka.stream.impl.fusing.ActorGraphInterpreter$$anonfun$receive$1.applyOrElse(ActorGraphInterpreter.scala:784)
	at akka.actor.Actor.aroundReceive(Actor.scala:537)
	at akka.actor.Actor.aroundReceive$(Actor.scala:535)
	at akka.stream.impl.fusing.ActorGraphInterpreter.aroundReceive(ActorGraphInterpreter.scala:691)
	at akka.actor.ActorCell.receiveMessage(ActorCell.scala:577)
	at akka.actor.ActorCell.invoke(ActorCell.scala:547)
	at akka.dispatch.Mailbox.processMailbox(Mailbox.scala:270)
	at akka.dispatch.Mailbox.run(Mailbox.scala:231)
	at akka.dispatch.Mailbox.exec(Mailbox.scala:243)
	at java.base/java.util.concurrent.ForkJoinTask.doExec(ForkJoinTask.java:290)
	at java.base/java.util.concurrent.ForkJoinPool$WorkQueue.topLevelExec(ForkJoinPool.java:1020)
	at java.base/java.util.concurrent.ForkJoinPool.scan(ForkJoinPool.java:1656)
	at java.base/java.util.concurrent.ForkJoinPool.runWorker(ForkJoinPool.java:1594)
	at java.base/java.util.concurrent.ForkJoinWorkerThread.run(ForkJoinWorkerThread.java:183)
[34m[INFO][0;39m - [2021-05-10 18:53:56,513] - [akka.event.slf4j.Slf4jLogger]  Slf4jLogger started
[34m[INFO][0;39m - [2021-05-10 18:53:56,623] - [reactivemongo.api.Driver]  [Supervisor-1] Creating connection: Connection-1
[34m[INFO][0;39m - [2021-05-10 18:53:56,683] - [reactivemongo.core.actors.MongoDBSystem]  [Supervisor-1/Connection-1] Starting the MongoDBSystem
[34m[INFO][0;39m - [2021-05-10 18:53:56,700] - [reactivemongo.core.netty.Pack]  Instantiated reactivemongo.core.netty.Pack
[1;31m[ERROR][0;39m - [2021-05-10 18:54:18,405] - [akka.actor.ActorSystemImpl]  Error during processing of request: 'None.get'. Completing with 500 Internal Server Error response. To change default exception handling behavior, provide a custom ExceptionHandler.
java.util.NoSuchElementException: None.get
	at scala.None$.get(Option.scala:529)
	at scala.None$.get(Option.scala:527)
	at service.JwtAuthorization$.$anonfun$authenticated$1(JwtAuthorization.scala:38)
	at akka.http.scaladsl.server.Directive$SingleValueTransformers$.$anonfun$flatMap$1(Directive.scala:188)
	at akka.http.scaladsl.server.Directive.$anonfun$tflatMap$2(Directive.scala:91)
	at akka.http.scaladsl.server.directives.BasicDirectives.$anonfun$textract$2(BasicDirectives.scala:161)
	at akka.http.scaladsl.server.directives.BasicDirectives.$anonfun$mapRouteResult$2(BasicDirectives.scala:68)
	at akka.http.scaladsl.server.directives.BasicDirectives.$anonfun$textract$2(BasicDirectives.scala:161)
	at akka.http.scaladsl.server.RouteConcatenation$RouteWithConcatenation.$anonfun$$tilde$2(RouteConcatenation.scala:47)
	at akka.http.scaladsl.util.FastFuture$.strictTransform$1(FastFuture.scala:41)
	at akka.http.scaladsl.util.FastFuture$.transformWith$extension1(FastFuture.scala:45)
	at akka.http.scaladsl.util.FastFuture$.flatMap$extension(FastFuture.scala:26)
	at akka.http.scaladsl.server.RouteConcatenation$RouteWithConcatenation.$anonfun$$tilde$1(RouteConcatenation.scala:44)
	at akka.http.scaladsl.server.directives.BasicDirectives.$anonfun$mapRequestContext$2(BasicDirectives.scala:45)
	at akka.http.scaladsl.server.directives.BasicDirectives.$anonfun$textract$2(BasicDirectives.scala:161)
	at akka.http.scaladsl.server.RouteConcatenation$RouteWithConcatenation.$anonfun$$tilde$2(RouteConcatenation.scala:47)
	at akka.http.scaladsl.util.FastFuture$.strictTransform$1(FastFuture.scala:41)
	at akka.http.scaladsl.util.FastFuture$.transformWith$extension1(FastFuture.scala:45)
	at akka.http.scaladsl.util.FastFuture$.flatMap$extension(FastFuture.scala:26)
	at akka.http.scaladsl.server.RouteConcatenation$RouteWithConcatenation.$anonfun$$tilde$1(RouteConcatenation.scala:44)
	at akka.http.scaladsl.server.RouteConcatenation$RouteWithConcatenation.$anonfun$$tilde$1(RouteConcatenation.scala:44)
	at akka.http.scaladsl.server.RouteConcatenation$RouteWithConcatenation.$anonfun$$tilde$1(RouteConcatenation.scala:44)
	at akka.http.scaladsl.server.RouteConcatenation$RouteWithConcatenation.$anonfun$$tilde$1(RouteConcatenation.scala:44)
	at akka.http.scaladsl.server.RouteConcatenation$RouteWithConcatenation.$anonfun$$tilde$1(RouteConcatenation.scala:44)
	at akka.http.scaladsl.server.RouteConcatenation$RouteWithConcatenation.$anonfun$$tilde$1(RouteConcatenation.scala:44)
	at akka.http.scaladsl.server.RouteConcatenation$RouteWithConcatenation.$anonfun$$tilde$1(RouteConcatenation.scala:44)
	at akka.http.scaladsl.server.RouteConcatenation$RouteWithConcatenation.$anonfun$$tilde$1(RouteConcatenation.scala:44)
	at akka.http.scaladsl.server.RouteConcatenation$RouteWithConcatenation.$anonfun$$tilde$1(RouteConcatenation.scala:44)
	at akka.http.scaladsl.server.RouteConcatenation$RouteWithConcatenation.$anonfun$$tilde$1(RouteConcatenation.scala:44)
	at akka.http.scaladsl.server.RouteConcatenation$RouteWithConcatenation.$anonfun$$tilde$1(RouteConcatenation.scala:44)
	at akka.http.scaladsl.server.directives.BasicDirectives.$anonfun$mapRouteResultWith$2(BasicDirectives.scala:74)
	at akka.http.scaladsl.server.directives.BasicDirectives.$anonfun$textract$2(BasicDirectives.scala:161)
	at akka.http.scaladsl.server.directives.ExecutionDirectives.$anonfun$handleExceptions$2(ExecutionDirectives.scala:32)
	at akka.http.scaladsl.server.Route$.$anonfun$createAsyncHandler$1(Route.scala:110)
	at akka.stream.impl.fusing.MapAsyncUnordered$$anon$31.onPush(Ops.scala:1400)
	at akka.stream.impl.fusing.GraphInterpreter.processPush(GraphInterpreter.scala:541)
	at akka.stream.impl.fusing.GraphInterpreter.execute(GraphInterpreter.scala:423)
	at akka.stream.impl.fusing.GraphInterpreterShell.runBatch(ActorGraphInterpreter.scala:625)
	at akka.stream.impl.fusing.GraphInterpreterShell$AsyncInput.execute(ActorGraphInterpreter.scala:502)
	at akka.stream.impl.fusing.GraphInterpreterShell.processEvent(ActorGraphInterpreter.scala:600)
	at akka.stream.impl.fusing.ActorGraphInterpreter.akka$stream$impl$fusing$ActorGraphInterpreter$$processEvent(ActorGraphInterpreter.scala:769)
	at akka.stream.impl.fusing.ActorGraphInterpreter$$anonfun$receive$1.applyOrElse(ActorGraphInterpreter.scala:784)
	at akka.actor.Actor.aroundReceive(Actor.scala:537)
	at akka.actor.Actor.aroundReceive$(Actor.scala:535)
	at akka.stream.impl.fusing.ActorGraphInterpreter.aroundReceive(ActorGraphInterpreter.scala:691)
	at akka.actor.ActorCell.receiveMessage(ActorCell.scala:577)
	at akka.actor.ActorCell.invoke(ActorCell.scala:547)
	at akka.dispatch.Mailbox.processMailbox(Mailbox.scala:270)
	at akka.dispatch.Mailbox.run(Mailbox.scala:231)
	at akka.dispatch.Mailbox.exec(Mailbox.scala:243)
	at java.base/java.util.concurrent.ForkJoinTask.doExec(ForkJoinTask.java:290)
	at java.base/java.util.concurrent.ForkJoinPool$WorkQueue.topLevelExec(ForkJoinPool.java:1020)
	at java.base/java.util.concurrent.ForkJoinPool.scan(ForkJoinPool.java:1656)
	at java.base/java.util.concurrent.ForkJoinPool.runWorker(ForkJoinPool.java:1594)
	at java.base/java.util.concurrent.ForkJoinWorkerThread.run(ForkJoinWorkerThread.java:183)
[34m[INFO][0;39m - [2021-05-10 18:55:34,999] - [akka.event.slf4j.Slf4jLogger]  Slf4jLogger started
[34m[INFO][0;39m - [2021-05-10 18:55:51,973] - [akka.event.slf4j.Slf4jLogger]  Slf4jLogger started
[34m[INFO][0;39m - [2021-05-10 18:55:52,077] - [reactivemongo.api.Driver]  [Supervisor-1] Creating connection: Connection-1
[34m[INFO][0;39m - [2021-05-10 18:55:52,174] - [reactivemongo.core.actors.MongoDBSystem]  [Supervisor-1/Connection-1] Starting the MongoDBSystem
[34m[INFO][0;39m - [2021-05-10 18:55:52,199] - [reactivemongo.core.netty.Pack]  Instantiated reactivemongo.core.netty.Pack
[34m[INFO][0;39m - [2021-05-10 18:55:52,849] - [akka.event.slf4j.Slf4jLogger]  Slf4jLogger started
[1;31m[ERROR][0;39m - [2021-05-10 18:56:50,713] - [akka.actor.ActorSystemImpl]  Error during processing of request: 'None.get'. Completing with 500 Internal Server Error response. To change default exception handling behavior, provide a custom ExceptionHandler.
java.util.NoSuchElementException: None.get
	at scala.None$.get(Option.scala:529)
	at scala.None$.get(Option.scala:527)
	at service.JwtAuthorization$.$anonfun$authenticated$1(JwtAuthorization.scala:38)
	at akka.http.scaladsl.server.Directive$SingleValueTransformers$.$anonfun$flatMap$1(Directive.scala:188)
	at akka.http.scaladsl.server.Directive.$anonfun$tflatMap$2(Directive.scala:91)
	at akka.http.scaladsl.server.directives.BasicDirectives.$anonfun$textract$2(BasicDirectives.scala:161)
	at akka.http.scaladsl.server.directives.BasicDirectives.$anonfun$mapRouteResult$2(BasicDirectives.scala:68)
	at akka.http.scaladsl.server.directives.BasicDirectives.$anonfun$textract$2(BasicDirectives.scala:161)
	at akka.http.scaladsl.server.RouteConcatenation$RouteWithConcatenation.$anonfun$$tilde$2(RouteConcatenation.scala:47)
	at akka.http.scaladsl.util.FastFuture$.strictTransform$1(FastFuture.scala:41)
	at akka.http.scaladsl.util.FastFuture$.transformWith$extension1(FastFuture.scala:45)
	at akka.http.scaladsl.util.FastFuture$.flatMap$extension(FastFuture.scala:26)
	at akka.http.scaladsl.server.RouteConcatenation$RouteWithConcatenation.$anonfun$$tilde$1(RouteConcatenation.scala:44)
	at akka.http.scaladsl.server.directives.BasicDirectives.$anonfun$mapRequestContext$2(BasicDirectives.scala:45)
	at akka.http.scaladsl.server.directives.BasicDirectives.$anonfun$textract$2(BasicDirectives.scala:161)
	at akka.http.scaladsl.server.RouteConcatenation$RouteWithConcatenation.$anonfun$$tilde$2(RouteConcatenation.scala:47)
	at akka.http.scaladsl.util.FastFuture$.strictTransform$1(FastFuture.scala:41)
	at akka.http.scaladsl.util.FastFuture$.transformWith$extension1(FastFuture.scala:45)
	at akka.http.scaladsl.util.FastFuture$.flatMap$extension(FastFuture.scala:26)
	at akka.http.scaladsl.server.RouteConcatenation$RouteWithConcatenation.$anonfun$$tilde$1(RouteConcatenation.scala:44)
	at akka.http.scaladsl.server.RouteConcatenation$RouteWithConcatenation.$anonfun$$tilde$1(RouteConcatenation.scala:44)
	at akka.http.scaladsl.server.RouteConcatenation$RouteWithConcatenation.$anonfun$$tilde$1(RouteConcatenation.scala:44)
	at akka.http.scaladsl.server.RouteConcatenation$RouteWithConcatenation.$anonfun$$tilde$1(RouteConcatenation.scala:44)
	at akka.http.scaladsl.server.RouteConcatenation$RouteWithConcatenation.$anonfun$$tilde$1(RouteConcatenation.scala:44)
	at akka.http.scaladsl.server.RouteConcatenation$RouteWithConcatenation.$anonfun$$tilde$1(RouteConcatenation.scala:44)
	at akka.http.scaladsl.server.RouteConcatenation$RouteWithConcatenation.$anonfun$$tilde$1(RouteConcatenation.scala:44)
	at akka.http.scaladsl.server.RouteConcatenation$RouteWithConcatenation.$anonfun$$tilde$1(RouteConcatenation.scala:44)
	at akka.http.scaladsl.server.RouteConcatenation$RouteWithConcatenation.$anonfun$$tilde$1(RouteConcatenation.scala:44)
	at akka.http.scaladsl.server.RouteConcatenation$RouteWithConcatenation.$anonfun$$tilde$1(RouteConcatenation.scala:44)
	at akka.http.scaladsl.server.RouteConcatenation$RouteWithConcatenation.$anonfun$$tilde$1(RouteConcatenation.scala:44)
	at akka.http.scaladsl.server.directives.BasicDirectives.$anonfun$mapRouteResultWith$2(BasicDirectives.scala:74)
	at akka.http.scaladsl.server.directives.BasicDirectives.$anonfun$textract$2(BasicDirectives.scala:161)
	at akka.http.scaladsl.server.directives.ExecutionDirectives.$anonfun$handleExceptions$2(ExecutionDirectives.scala:32)
	at akka.http.scaladsl.server.Route$.$anonfun$createAsyncHandler$1(Route.scala:110)
	at akka.stream.impl.fusing.MapAsyncUnordered$$anon$31.onPush(Ops.scala:1400)
	at akka.stream.impl.fusing.GraphInterpreter.processPush(GraphInterpreter.scala:541)
	at akka.stream.impl.fusing.GraphInterpreter.execute(GraphInterpreter.scala:423)
	at akka.stream.impl.fusing.GraphInterpreterShell.runBatch(ActorGraphInterpreter.scala:625)
	at akka.stream.impl.fusing.GraphInterpreterShell$AsyncInput.execute(ActorGraphInterpreter.scala:502)
	at akka.stream.impl.fusing.GraphInterpreterShell.processEvent(ActorGraphInterpreter.scala:600)
	at akka.stream.impl.fusing.ActorGraphInterpreter.akka$stream$impl$fusing$ActorGraphInterpreter$$processEvent(ActorGraphInterpreter.scala:769)
	at akka.stream.impl.fusing.ActorGraphInterpreter$$anonfun$receive$1.applyOrElse(ActorGraphInterpreter.scala:784)
	at akka.actor.Actor.aroundReceive(Actor.scala:537)
	at akka.actor.Actor.aroundReceive$(Actor.scala:535)
	at akka.stream.impl.fusing.ActorGraphInterpreter.aroundReceive(ActorGraphInterpreter.scala:691)
	at akka.actor.ActorCell.receiveMessage(ActorCell.scala:577)
	at akka.actor.ActorCell.invoke(ActorCell.scala:547)
	at akka.dispatch.Mailbox.processMailbox(Mailbox.scala:270)
	at akka.dispatch.Mailbox.run(Mailbox.scala:231)
	at akka.dispatch.Mailbox.exec(Mailbox.scala:243)
	at java.base/java.util.concurrent.ForkJoinTask.doExec(ForkJoinTask.java:290)
	at java.base/java.util.concurrent.ForkJoinPool$WorkQueue.topLevelExec(ForkJoinPool.java:1020)
	at java.base/java.util.concurrent.ForkJoinPool.scan(ForkJoinPool.java:1656)
	at java.base/java.util.concurrent.ForkJoinPool.runWorker(ForkJoinPool.java:1594)
	at java.base/java.util.concurrent.ForkJoinWorkerThread.run(ForkJoinWorkerThread.java:183)
[34m[INFO][0;39m - [2021-05-10 18:57:46,459] - [akka.event.slf4j.Slf4jLogger]  Slf4jLogger started
[34m[INFO][0;39m - [2021-05-10 18:57:50,502] - [akka.event.slf4j.Slf4jLogger]  Slf4jLogger started
[1;31m[ERROR][0;39m - [2021-05-10 18:57:50,602] - [akka.actor.ActorSystemImpl]  Error during processing of request: 'None.get'. Completing with 500 Internal Server Error response. To change default exception handling behavior, provide a custom ExceptionHandler.
java.util.NoSuchElementException: None.get
	at scala.None$.get(Option.scala:529)
	at scala.None$.get(Option.scala:527)
	at service.JwtAuthorization$.$anonfun$authenticated$1(JwtAuthorization.scala:38)
	at akka.http.scaladsl.server.Directive$SingleValueTransformers$.$anonfun$flatMap$1(Directive.scala:188)
	at akka.http.scaladsl.server.Directive.$anonfun$tflatMap$2(Directive.scala:91)
	at akka.http.scaladsl.server.directives.BasicDirectives.$anonfun$textract$2(BasicDirectives.scala:161)
	at akka.http.scaladsl.server.directives.BasicDirectives.$anonfun$mapRouteResult$2(BasicDirectives.scala:68)
	at akka.http.scaladsl.server.directives.BasicDirectives.$anonfun$textract$2(BasicDirectives.scala:161)
	at akka.http.scaladsl.server.RouteConcatenation$RouteWithConcatenation.$anonfun$$tilde$2(RouteConcatenation.scala:47)
	at akka.http.scaladsl.util.FastFuture$.strictTransform$1(FastFuture.scala:41)
	at akka.http.scaladsl.util.FastFuture$.transformWith$extension1(FastFuture.scala:45)
	at akka.http.scaladsl.util.FastFuture$.flatMap$extension(FastFuture.scala:26)
	at akka.http.scaladsl.server.RouteConcatenation$RouteWithConcatenation.$anonfun$$tilde$1(RouteConcatenation.scala:44)
	at akka.http.scaladsl.server.directives.BasicDirectives.$anonfun$mapRequestContext$2(BasicDirectives.scala:45)
	at akka.http.scaladsl.server.directives.BasicDirectives.$anonfun$textract$2(BasicDirectives.scala:161)
	at akka.http.scaladsl.server.RouteConcatenation$RouteWithConcatenation.$anonfun$$tilde$1(RouteConcatenation.scala:44)
	at akka.http.scaladsl.server.RouteConcatenation$RouteWithConcatenation.$anonfun$$tilde$1(RouteConcatenation.scala:44)
	at akka.http.scaladsl.server.RouteConcatenation$RouteWithConcatenation.$anonfun$$tilde$1(RouteConcatenation.scala:44)
	at akka.http.scaladsl.server.RouteConcatenation$RouteWithConcatenation.$anonfun$$tilde$1(RouteConcatenation.scala:44)
	at akka.http.scaladsl.server.RouteConcatenation$RouteWithConcatenation.$anonfun$$tilde$1(RouteConcatenation.scala:44)
	at akka.http.scaladsl.server.RouteConcatenation$RouteWithConcatenation.$anonfun$$tilde$1(RouteConcatenation.scala:44)
	at akka.http.scaladsl.server.RouteConcatenation$RouteWithConcatenation.$anonfun$$tilde$1(RouteConcatenation.scala:44)
	at akka.http.scaladsl.server.RouteConcatenation$RouteWithConcatenation.$anonfun$$tilde$1(RouteConcatenation.scala:44)
	at akka.http.scaladsl.server.RouteConcatenation$RouteWithConcatenation.$anonfun$$tilde$1(RouteConcatenation.scala:44)
	at akka.http.scaladsl.server.RouteConcatenation$RouteWithConcatenation.$anonfun$$tilde$1(RouteConcatenation.scala:44)
	at akka.http.scaladsl.server.RouteConcatenation$RouteWithConcatenation.$anonfun$$tilde$1(RouteConcatenation.scala:44)
	at akka.http.scaladsl.server.directives.ExecutionDirectives.$anonfun$handleExceptions$2(ExecutionDirectives.scala:32)
	at akka.http.scaladsl.testkit.RouteTest$TildeArrow$$anon$1.apply(RouteTest.scala:182)
	at akka.http.scaladsl.testkit.RouteTest$TildeArrow$$anon$1.apply(RouteTest.scala:159)
	at akka.http.scaladsl.testkit.RouteTest$WithTransformation2.$tilde$greater(RouteTest.scala:131)
	at service.AkkaServiceSpec.$anonfun$new$2(AkkaServiceSpec.scala:31)
	at org.scalatest.OutcomeOf.outcomeOf(OutcomeOf.scala:85)
	at org.scalatest.OutcomeOf.outcomeOf$(OutcomeOf.scala:83)
	at org.scalatest.OutcomeOf$.outcomeOf(OutcomeOf.scala:104)
	at org.scalatest.Transformer.apply(Transformer.scala:22)
	at org.scalatest.Transformer.apply(Transformer.scala:20)
	at org.scalatest.wordspec.AnyWordSpecLike$$anon$3.apply(AnyWordSpecLike.scala:1076)
	at org.scalatest.TestSuite.withFixture(TestSuite.scala:196)
	at org.scalatest.TestSuite.withFixture$(TestSuite.scala:195)
	at org.scalatest.wordspec.AnyWordSpec.withFixture(AnyWordSpec.scala:1879)
	at org.scalatest.wordspec.AnyWordSpecLike.invokeWithFixture$1(AnyWordSpecLike.scala:1074)
	at org.scalatest.wordspec.AnyWordSpecLike.$anonfun$runTest$1(AnyWordSpecLike.scala:1086)
	at org.scalatest.SuperEngine.runTestImpl(Engine.scala:306)
	at org.scalatest.wordspec.AnyWordSpecLike.runTest(AnyWordSpecLike.scala:1086)
	at org.scalatest.wordspec.AnyWordSpecLike.runTest$(AnyWordSpecLike.scala:1068)
	at org.scalatest.wordspec.AnyWordSpec.runTest(AnyWordSpec.scala:1879)
	at org.scalatest.wordspec.AnyWordSpecLike.$anonfun$runTests$1(AnyWordSpecLike.scala:1145)
	at org.scalatest.SuperEngine.$anonfun$runTestsInBranch$1(Engine.scala:413)
	at scala.collection.immutable.List.foreach(List.scala:431)
	at org.scalatest.SuperEngine.traverseSubNodes$1(Engine.scala:401)
	at org.scalatest.SuperEngine.runTestsInBranch(Engine.scala:390)
	at org.scalatest.SuperEngine.$anonfun$runTestsInBranch$1(Engine.scala:427)
	at scala.collection.immutable.List.foreach(List.scala:431)
	at org.scalatest.SuperEngine.traverseSubNodes$1(Engine.scala:401)
	at org.scalatest.SuperEngine.runTestsInBranch(Engine.scala:396)
	at org.scalatest.SuperEngine.runTestsImpl(Engine.scala:475)
	at org.scalatest.wordspec.AnyWordSpecLike.runTests(AnyWordSpecLike.scala:1145)
	at org.scalatest.wordspec.AnyWordSpecLike.runTests$(AnyWordSpecLike.scala:1144)
	at org.scalatest.wordspec.AnyWordSpec.runTests(AnyWordSpec.scala:1879)
	at org.scalatest.Suite.run(Suite.scala:1112)
	at org.scalatest.Suite.run$(Suite.scala:1094)
	at org.scalatest.wordspec.AnyWordSpec.org$scalatest$wordspec$AnyWordSpecLike$$super$run(AnyWordSpec.scala:1879)
	at org.scalatest.wordspec.AnyWordSpecLike.$anonfun$run$1(AnyWordSpecLike.scala:1190)
	at org.scalatest.SuperEngine.runImpl(Engine.scala:535)
	at org.scalatest.wordspec.AnyWordSpecLike.run(AnyWordSpecLike.scala:1190)
	at org.scalatest.wordspec.AnyWordSpecLike.run$(AnyWordSpecLike.scala:1188)
	at service.AkkaServiceSpec.org$scalatest$BeforeAndAfterAll$$super$run(AkkaServiceSpec.scala:19)
	at org.scalatest.BeforeAndAfterAll.liftedTree1$1(BeforeAndAfterAll.scala:213)
	at org.scalatest.BeforeAndAfterAll.run(BeforeAndAfterAll.scala:210)
	at org.scalatest.BeforeAndAfterAll.run$(BeforeAndAfterAll.scala:208)
	at service.AkkaServiceSpec.run(AkkaServiceSpec.scala:19)
	at org.scalatest.tools.Framework.org$scalatest$tools$Framework$$runSuite(Framework.scala:318)
	at org.scalatest.tools.Framework$ScalaTestTask.execute(Framework.scala:513)
	at sbt.TestRunner.runTest$1(TestFramework.scala:139)
	at sbt.TestRunner.run(TestFramework.scala:154)
	at sbt.TestFramework$$anon$3$$anonfun$$lessinit$greater$1.$anonfun$apply$1(TestFramework.scala:317)
	at sbt.TestFramework$.sbt$TestFramework$$withContextLoader(TestFramework.scala:277)
	at sbt.TestFramework$$anon$3$$anonfun$$lessinit$greater$1.apply(TestFramework.scala:317)
	at sbt.TestFramework$$anon$3$$anonfun$$lessinit$greater$1.apply(TestFramework.scala:317)
	at sbt.TestFunction.apply(TestFramework.scala:329)
	at sbt.Tests$.$anonfun$toTask$1(Tests.scala:422)
	at sbt.std.Transform$$anon$3.$anonfun$apply$2(Transform.scala:46)
	at sbt.std.Transform$$anon$4.work(Transform.scala:68)
	at sbt.Execute.$anonfun$submit$2(Execute.scala:282)
	at sbt.internal.util.ErrorHandling$.wideConvert(ErrorHandling.scala:23)
	at sbt.Execute.work(Execute.scala:291)
	at sbt.Execute.$anonfun$submit$1(Execute.scala:282)
	at sbt.ConcurrentRestrictions$$anon$4.$anonfun$submitValid$1(ConcurrentRestrictions.scala:265)
	at sbt.CompletionService$$anon$2.call(CompletionService.scala:64)
	at java.base/java.util.concurrent.FutureTask.run(FutureTask.java:264)
	at java.base/java.util.concurrent.Executors$RunnableAdapter.call(Executors.java:515)
	at java.base/java.util.concurrent.FutureTask.run(FutureTask.java:264)
	at java.base/java.util.concurrent.ThreadPoolExecutor.runWorker(ThreadPoolExecutor.java:1128)
	at java.base/java.util.concurrent.ThreadPoolExecutor$Worker.run(ThreadPoolExecutor.java:628)
	at java.base/java.lang.Thread.run(Thread.java:829)
[34m[INFO][0;39m - [2021-05-10 19:02:07,315] - [akka.event.slf4j.Slf4jLogger]  Slf4jLogger started
[34m[INFO][0;39m - [2021-05-10 19:03:45,939] - [akka.event.slf4j.Slf4jLogger]  Slf4jLogger started
[34m[INFO][0;39m - [2021-05-10 19:04:09,667] - [akka.event.slf4j.Slf4jLogger]  Slf4jLogger started
[34m[INFO][0;39m - [2021-05-10 19:04:09,782] - [reactivemongo.api.Driver]  [Supervisor-1] Creating connection: Connection-1
[34m[INFO][0;39m - [2021-05-10 19:04:09,851] - [reactivemongo.core.actors.MongoDBSystem]  [Supervisor-1/Connection-1] Starting the MongoDBSystem
[34m[INFO][0;39m - [2021-05-10 19:04:09,870] - [reactivemongo.core.netty.Pack]  Instantiated reactivemongo.core.netty.Pack
[34m[INFO][0;39m - [2021-05-10 19:05:27,281] - [akka.event.slf4j.Slf4jLogger]  Slf4jLogger started
[34m[INFO][0;39m - [2021-05-10 19:05:32,645] - [akka.event.slf4j.Slf4jLogger]  Slf4jLogger started
[34m[INFO][0;39m - [2021-05-10 19:05:32,747] - [reactivemongo.api.Driver]  [Supervisor-1] Creating connection: Connection-1
[34m[INFO][0;39m - [2021-05-10 19:05:32,828] - [reactivemongo.core.actors.MongoDBSystem]  [Supervisor-1/Connection-1] Starting the MongoDBSystem
[34m[INFO][0;39m - [2021-05-10 19:05:32,846] - [reactivemongo.core.netty.Pack]  Instantiated reactivemongo.core.netty.Pack
[34m[INFO][0;39m - [2021-05-10 19:05:33,585] - [akka.event.slf4j.Slf4jLogger]  Slf4jLogger started
[1;31m[ERROR][0;39m - [2021-05-10 19:05:45,515] - [akka.actor.ActorSystemImpl]  Error during processing of request: 'None.get'. Completing with 500 Internal Server Error response. To change default exception handling behavior, provide a custom ExceptionHandler.
java.util.NoSuchElementException: None.get
	at scala.None$.get(Option.scala:529)
	at scala.None$.get(Option.scala:527)
	at service.JwtAuthorization$.$anonfun$authenticated$1(JwtAuthorization.scala:38)
	at akka.http.scaladsl.server.Directive$SingleValueTransformers$.$anonfun$flatMap$1(Directive.scala:188)
	at akka.http.scaladsl.server.Directive.$anonfun$tflatMap$2(Directive.scala:91)
	at akka.http.scaladsl.server.directives.BasicDirectives.$anonfun$textract$2(BasicDirectives.scala:161)
	at akka.http.scaladsl.server.directives.BasicDirectives.$anonfun$mapRouteResult$2(BasicDirectives.scala:68)
	at akka.http.scaladsl.server.directives.BasicDirectives.$anonfun$textract$2(BasicDirectives.scala:161)
	at akka.http.scaladsl.server.RouteConcatenation$RouteWithConcatenation.$anonfun$$tilde$2(RouteConcatenation.scala:47)
	at akka.http.scaladsl.util.FastFuture$.strictTransform$1(FastFuture.scala:41)
	at akka.http.scaladsl.util.FastFuture$.transformWith$extension1(FastFuture.scala:45)
	at akka.http.scaladsl.util.FastFuture$.flatMap$extension(FastFuture.scala:26)
	at akka.http.scaladsl.server.RouteConcatenation$RouteWithConcatenation.$anonfun$$tilde$1(RouteConcatenation.scala:44)
	at akka.http.scaladsl.server.directives.BasicDirectives.$anonfun$mapRequestContext$2(BasicDirectives.scala:45)
	at akka.http.scaladsl.server.directives.BasicDirectives.$anonfun$textract$2(BasicDirectives.scala:161)
	at akka.http.scaladsl.server.RouteConcatenation$RouteWithConcatenation.$anonfun$$tilde$2(RouteConcatenation.scala:47)
	at akka.http.scaladsl.util.FastFuture$.strictTransform$1(FastFuture.scala:41)
	at akka.http.scaladsl.util.FastFuture$.transformWith$extension1(FastFuture.scala:45)
	at akka.http.scaladsl.util.FastFuture$.flatMap$extension(FastFuture.scala:26)
	at akka.http.scaladsl.server.RouteConcatenation$RouteWithConcatenation.$anonfun$$tilde$1(RouteConcatenation.scala:44)
	at akka.http.scaladsl.server.RouteConcatenation$RouteWithConcatenation.$anonfun$$tilde$1(RouteConcatenation.scala:44)
	at akka.http.scaladsl.server.RouteConcatenation$RouteWithConcatenation.$anonfun$$tilde$1(RouteConcatenation.scala:44)
	at akka.http.scaladsl.server.RouteConcatenation$RouteWithConcatenation.$anonfun$$tilde$1(RouteConcatenation.scala:44)
	at akka.http.scaladsl.server.RouteConcatenation$RouteWithConcatenation.$anonfun$$tilde$1(RouteConcatenation.scala:44)
	at akka.http.scaladsl.server.RouteConcatenation$RouteWithConcatenation.$anonfun$$tilde$1(RouteConcatenation.scala:44)
	at akka.http.scaladsl.server.RouteConcatenation$RouteWithConcatenation.$anonfun$$tilde$1(RouteConcatenation.scala:44)
	at akka.http.scaladsl.server.RouteConcatenation$RouteWithConcatenation.$anonfun$$tilde$1(RouteConcatenation.scala:44)
	at akka.http.scaladsl.server.RouteConcatenation$RouteWithConcatenation.$anonfun$$tilde$1(RouteConcatenation.scala:44)
	at akka.http.scaladsl.server.RouteConcatenation$RouteWithConcatenation.$anonfun$$tilde$1(RouteConcatenation.scala:44)
	at akka.http.scaladsl.server.RouteConcatenation$RouteWithConcatenation.$anonfun$$tilde$1(RouteConcatenation.scala:44)
	at akka.http.scaladsl.server.directives.BasicDirectives.$anonfun$mapRouteResultWith$2(BasicDirectives.scala:74)
	at akka.http.scaladsl.server.directives.BasicDirectives.$anonfun$textract$2(BasicDirectives.scala:161)
	at akka.http.scaladsl.server.directives.ExecutionDirectives.$anonfun$handleExceptions$2(ExecutionDirectives.scala:32)
	at akka.http.scaladsl.server.Route$.$anonfun$createAsyncHandler$1(Route.scala:110)
	at akka.stream.impl.fusing.MapAsyncUnordered$$anon$31.onPush(Ops.scala:1400)
	at akka.stream.impl.fusing.GraphInterpreter.processPush(GraphInterpreter.scala:541)
	at akka.stream.impl.fusing.GraphInterpreter.execute(GraphInterpreter.scala:423)
	at akka.stream.impl.fusing.GraphInterpreterShell.runBatch(ActorGraphInterpreter.scala:625)
	at akka.stream.impl.fusing.GraphInterpreterShell$AsyncInput.execute(ActorGraphInterpreter.scala:502)
	at akka.stream.impl.fusing.GraphInterpreterShell.processEvent(ActorGraphInterpreter.scala:600)
	at akka.stream.impl.fusing.ActorGraphInterpreter.akka$stream$impl$fusing$ActorGraphInterpreter$$processEvent(ActorGraphInterpreter.scala:769)
	at akka.stream.impl.fusing.ActorGraphInterpreter$$anonfun$receive$1.applyOrElse(ActorGraphInterpreter.scala:784)
	at akka.actor.Actor.aroundReceive(Actor.scala:537)
	at akka.actor.Actor.aroundReceive$(Actor.scala:535)
	at akka.stream.impl.fusing.ActorGraphInterpreter.aroundReceive(ActorGraphInterpreter.scala:691)
	at akka.actor.ActorCell.receiveMessage(ActorCell.scala:577)
	at akka.actor.ActorCell.invoke(ActorCell.scala:547)
	at akka.dispatch.Mailbox.processMailbox(Mailbox.scala:270)
	at akka.dispatch.Mailbox.run(Mailbox.scala:231)
	at akka.dispatch.Mailbox.exec(Mailbox.scala:243)
	at java.base/java.util.concurrent.ForkJoinTask.doExec(ForkJoinTask.java:290)
	at java.base/java.util.concurrent.ForkJoinPool$WorkQueue.topLevelExec(ForkJoinPool.java:1020)
	at java.base/java.util.concurrent.ForkJoinPool.scan(ForkJoinPool.java:1656)
	at java.base/java.util.concurrent.ForkJoinPool.runWorker(ForkJoinPool.java:1594)
	at java.base/java.util.concurrent.ForkJoinWorkerThread.run(ForkJoinWorkerThread.java:183)
[1;31m[ERROR][0;39m - [2021-05-10 19:05:51,631] - [akka.actor.ActorSystemImpl]  Error during processing of request: 'None.get'. Completing with 500 Internal Server Error response. To change default exception handling behavior, provide a custom ExceptionHandler.
java.util.NoSuchElementException: None.get
	at scala.None$.get(Option.scala:529)
	at scala.None$.get(Option.scala:527)
	at service.JwtAuthorization$.$anonfun$authenticated$1(JwtAuthorization.scala:38)
	at akka.http.scaladsl.server.Directive$SingleValueTransformers$.$anonfun$flatMap$1(Directive.scala:188)
	at akka.http.scaladsl.server.Directive.$anonfun$tflatMap$2(Directive.scala:91)
	at akka.http.scaladsl.server.directives.BasicDirectives.$anonfun$textract$2(BasicDirectives.scala:161)
	at akka.http.scaladsl.server.directives.BasicDirectives.$anonfun$mapRouteResult$2(BasicDirectives.scala:68)
	at akka.http.scaladsl.server.directives.BasicDirectives.$anonfun$textract$2(BasicDirectives.scala:161)
	at akka.http.scaladsl.server.RouteConcatenation$RouteWithConcatenation.$anonfun$$tilde$2(RouteConcatenation.scala:47)
	at akka.http.scaladsl.util.FastFuture$.strictTransform$1(FastFuture.scala:41)
	at akka.http.scaladsl.util.FastFuture$.transformWith$extension1(FastFuture.scala:45)
	at akka.http.scaladsl.util.FastFuture$.flatMap$extension(FastFuture.scala:26)
	at akka.http.scaladsl.server.RouteConcatenation$RouteWithConcatenation.$anonfun$$tilde$1(RouteConcatenation.scala:44)
	at akka.http.scaladsl.server.directives.BasicDirectives.$anonfun$mapRequestContext$2(BasicDirectives.scala:45)
	at akka.http.scaladsl.server.directives.BasicDirectives.$anonfun$textract$2(BasicDirectives.scala:161)
	at akka.http.scaladsl.server.RouteConcatenation$RouteWithConcatenation.$anonfun$$tilde$1(RouteConcatenation.scala:44)
	at akka.http.scaladsl.server.RouteConcatenation$RouteWithConcatenation.$anonfun$$tilde$1(RouteConcatenation.scala:44)
	at akka.http.scaladsl.server.RouteConcatenation$RouteWithConcatenation.$anonfun$$tilde$1(RouteConcatenation.scala:44)
	at akka.http.scaladsl.server.RouteConcatenation$RouteWithConcatenation.$anonfun$$tilde$1(RouteConcatenation.scala:44)
	at akka.http.scaladsl.server.RouteConcatenation$RouteWithConcatenation.$anonfun$$tilde$1(RouteConcatenation.scala:44)
	at akka.http.scaladsl.server.RouteConcatenation$RouteWithConcatenation.$anonfun$$tilde$1(RouteConcatenation.scala:44)
	at akka.http.scaladsl.server.RouteConcatenation$RouteWithConcatenation.$anonfun$$tilde$1(RouteConcatenation.scala:44)
	at akka.http.scaladsl.server.RouteConcatenation$RouteWithConcatenation.$anonfun$$tilde$1(RouteConcatenation.scala:44)
	at akka.http.scaladsl.server.RouteConcatenation$RouteWithConcatenation.$anonfun$$tilde$1(RouteConcatenation.scala:44)
	at akka.http.scaladsl.server.RouteConcatenation$RouteWithConcatenation.$anonfun$$tilde$1(RouteConcatenation.scala:44)
	at akka.http.scaladsl.server.RouteConcatenation$RouteWithConcatenation.$anonfun$$tilde$1(RouteConcatenation.scala:44)
	at akka.http.scaladsl.server.directives.BasicDirectives.$anonfun$mapRouteResultWith$2(BasicDirectives.scala:74)
	at akka.http.scaladsl.server.directives.BasicDirectives.$anonfun$textract$2(BasicDirectives.scala:161)
	at akka.http.scaladsl.server.directives.ExecutionDirectives.$anonfun$handleExceptions$2(ExecutionDirectives.scala:32)
	at akka.http.scaladsl.server.Route$.$anonfun$createAsyncHandler$1(Route.scala:110)
	at akka.stream.impl.fusing.MapAsyncUnordered$$anon$31.onPush(Ops.scala:1400)
	at akka.stream.impl.fusing.GraphInterpreter.processPush(GraphInterpreter.scala:541)
	at akka.stream.impl.fusing.GraphInterpreter.execute(GraphInterpreter.scala:423)
	at akka.stream.impl.fusing.GraphInterpreterShell.runBatch(ActorGraphInterpreter.scala:625)
	at akka.stream.impl.fusing.GraphInterpreterShell$AsyncInput.execute(ActorGraphInterpreter.scala:502)
	at akka.stream.impl.fusing.GraphInterpreterShell.processEvent(ActorGraphInterpreter.scala:600)
	at akka.stream.impl.fusing.ActorGraphInterpreter.akka$stream$impl$fusing$ActorGraphInterpreter$$processEvent(ActorGraphInterpreter.scala:769)
	at akka.stream.impl.fusing.ActorGraphInterpreter$$anonfun$receive$1.applyOrElse(ActorGraphInterpreter.scala:784)
	at akka.actor.Actor.aroundReceive(Actor.scala:537)
	at akka.actor.Actor.aroundReceive$(Actor.scala:535)
	at akka.stream.impl.fusing.ActorGraphInterpreter.aroundReceive(ActorGraphInterpreter.scala:691)
	at akka.actor.ActorCell.receiveMessage(ActorCell.scala:577)
	at akka.actor.ActorCell.invoke(ActorCell.scala:547)
	at akka.dispatch.Mailbox.processMailbox(Mailbox.scala:270)
	at akka.dispatch.Mailbox.run(Mailbox.scala:231)
	at akka.dispatch.Mailbox.exec(Mailbox.scala:243)
	at java.base/java.util.concurrent.ForkJoinTask.doExec(ForkJoinTask.java:290)
	at java.base/java.util.concurrent.ForkJoinPool$WorkQueue.topLevelExec(ForkJoinPool.java:1020)
	at java.base/java.util.concurrent.ForkJoinPool.scan(ForkJoinPool.java:1656)
	at java.base/java.util.concurrent.ForkJoinPool.runWorker(ForkJoinPool.java:1594)
	at java.base/java.util.concurrent.ForkJoinWorkerThread.run(ForkJoinWorkerThread.java:183)
